#
# There is insufficient memory for the Java Runtime Environment to continue.
# Native memory allocation (mmap) failed to map 65536 bytes for Failed to commit metaspace.
# Possible reasons:
#   The system is out of physical RAM or swap space
#   The process is running with CompressedOops enabled, and the Java Heap may be blocking the growth of the native heap
# Possible solutions:
#   Reduce memory load on the system
#   Increase physical memory or swap space
#   Check if swap backing store is full
#   Decrease Java heap size (-Xmx/-Xms)
#   Decrease number of Java threads
#   Decrease Java thread stack sizes (-Xss)
#   Set larger code cache with -XX:ReservedCodeCacheSize=
#   JVM is running with Unscaled Compressed Oops mode in which the Java heap is
#     placed in the first 4GB address space. The Java Heap base address is the
#     maximum limit for the native heap growth. Please use -XX:HeapBaseMinAddress
#     to set the Java Heap base and to place the Java Heap above 4GB virtual address.
# This output file may be truncated or incomplete.
#
#  Out of Memory Error (virtualSpaceNode.cpp:110), pid=18104, tid=24860
#
# JRE version: OpenJDK Runtime Environment Temurin-17.0.10+7 (17.0.10+7) (build 17.0.10+7)
# Java VM: OpenJDK 64-Bit Server VM Temurin-17.0.10+7 (17.0.10+7, mixed mode, tiered, compressed oops, compressed class ptrs, parallel gc, windows-amd64)
# No core dump will be written. Minidumps are not enabled by default on client versions of Windows
#

---------------  S U M M A R Y ------------

Command Line: --add-modules=ALL-SYSTEM --add-opens=java.base/java.util=ALL-UNNAMED --add-opens=java.base/java.lang=ALL-UNNAMED --add-opens=java.base/sun.nio.fs=ALL-UNNAMED -Declipse.application=org.eclipse.jdt.ls.core.id1 -Dosgi.bundles.defaultStartLevel=4 -Declipse.product=org.eclipse.jdt.ls.core.product -Djava.import.generatesMetadataFilesAtProjectRoot=false -DDetectVMInstallationsJob.disabled=true -Dfile.encoding=utf8 -XX:+UseParallelGC -XX:GCTimeRatio=4 -XX:AdaptiveSizePolicyWeight=90 -Dsun.zip.disableMemoryMapping=true -Xmx1G -Xms100m -Xlog:disable -javaagent:c:\Users\User\.vscode\extensions\redhat.java-1.29.0-win32-x64\lombok\lombok-1.18.32.jar c:\Users\User\.vscode\extensions\redhat.java-1.29.0-win32-x64\server\plugins\org.eclipse.equinox.launcher_1.6.800.v20240304-1850.jar -configuration c:\Users\User\AppData\Roaming\Code\User\globalStorage\redhat.java\1.29.0\config_ss_win -data c:\Users\User\AppData\Roaming\Code\User\workspaceStorage\dea491b692d6196ce15c98e8bacdc62e\redhat.java\ss_ws --stdio

Host: AMD Ryzen 7 3750H with Radeon Vega Mobile Gfx  , 8 cores, 11G,  Windows 11 , 64 bit Build 22621 (10.0.22621.3374)
Time: Mon May  6 05:11:12 2024 Malay Peninsula Standard Time elapsed time: 3.044069 seconds (0d 0h 0m 3s)

---------------  T H R E A D  ---------------

Current thread (0x00000227504f0960):  JavaThread "Start Level: Equinox Container: 243975df-1ceb-4c6d-98c7-831e59f699ce" daemon [_thread_in_vm, id=24860, stack(0x000000f120000000,0x000000f120100000)]

Stack: [0x000000f120000000,0x000000f120100000]
Native frames: (J=compiled Java code, j=interpreted, Vv=VM code, C=native code)
V  [jvm.dll+0x67d2c9]
V  [jvm.dll+0x834afa]
V  [jvm.dll+0x8365be]
V  [jvm.dll+0x836c23]
V  [jvm.dll+0x2477ff]
V  [jvm.dll+0x8307bb]
V  [jvm.dll+0x621d16]
V  [jvm.dll+0x1c183e]
V  [jvm.dll+0x624671]
V  [jvm.dll+0x6226b6]
V  [jvm.dll+0x36eaa2]
V  [jvm.dll+0x1e34bb]
V  [jvm.dll+0x5427f7]
V  [jvm.dll+0x7aed0d]
V  [jvm.dll+0x7aec6a]
V  [jvm.dll+0x410f8e]
V  [jvm.dll+0x42470c]
C  [java.dll+0x1657]

Java frames: (J=compiled Java code, j=interpreted, Vv=VM code)
j  java.lang.ClassLoader.defineClass0(Ljava/lang/ClassLoader;Ljava/lang/Class;Ljava/lang/String;[BIILjava/security/ProtectionDomain;ZILjava/lang/Object;)Ljava/lang/Class;+0 java.base@17.0.10
j  java.lang.System$2.defineClass(Ljava/lang/ClassLoader;Ljava/lang/Class;Ljava/lang/String;[BLjava/security/ProtectionDomain;ZILjava/lang/Object;)Ljava/lang/Class;+17 java.base@17.0.10
j  java.lang.invoke.MethodHandles$Lookup$ClassDefiner.defineClass(ZLjava/lang/Object;)Ljava/lang/Class;+54 java.base@17.0.10
j  java.lang.invoke.InvokerBytecodeGenerator.loadMethod([B)Ljava/lang/invoke/MemberName;+16 java.base@17.0.10
j  java.lang.invoke.InvokerBytecodeGenerator.generateCustomizedCode(Ljava/lang/invoke/LambdaForm;Ljava/lang/invoke/MethodType;)Ljava/lang/invoke/MemberName;+30 java.base@17.0.10
j  java.lang.invoke.LambdaForm.compileToBytecode()V+69 java.base@17.0.10
J 1509 c1 java.lang.invoke.LambdaForm.prepare()V java.base@17.0.10 (112 bytes) @ 0x00000227388a3a6c [0x00000227388a38c0+0x00000000000001ac]
J 1508 c1 java.lang.invoke.MethodHandle.<init>(Ljava/lang/invoke/MethodType;Ljava/lang/invoke/LambdaForm;)V java.base@17.0.10 (37 bytes) @ 0x00000227388a209c [0x00000227388a1e80+0x000000000000021c]
J 1955 c1 java.lang.invoke.BoundMethodHandle.<init>(Ljava/lang/invoke/MethodType;Ljava/lang/invoke/LambdaForm;)V java.base@17.0.10 (32 bytes) @ 0x0000022738989844 [0x00000227389897c0+0x0000000000000084]
j  java.lang.invoke.BoundMethodHandle$Species_L.<init>(Ljava/lang/invoke/MethodType;Ljava/lang/invoke/LambdaForm;Ljava/lang/Object;)V+3 java.base@17.0.10
j  java.lang.invoke.BoundMethodHandle$Species_L.copyWith(Ljava/lang/invoke/MethodType;Ljava/lang/invoke/LambdaForm;)Ljava/lang/invoke/BoundMethodHandle;+10 java.base@17.0.10
j  java.lang.invoke.MethodHandles.dropArguments0(Ljava/lang/invoke/MethodHandle;ILjava/util/List;)Ljava/lang/invoke/MethodHandle;+105 java.base@17.0.10
j  java.lang.invoke.MethodHandles.dropArguments(Ljava/lang/invoke/MethodHandle;I[Ljava/lang/Class;)Ljava/lang/invoke/MethodHandle;+6 java.base@17.0.10
j  java.lang.invoke.StringConcatFactory.generateMHInlineCopy(Ljava/lang/invoke/MethodType;Ljava/util/List;)Ljava/lang/invoke/MethodHandle;+266 java.base@17.0.10
j  java.lang.invoke.StringConcatFactory.makeConcatWithConstants(Ljava/lang/invoke/MethodHandles$Lookup;Ljava/lang/String;Ljava/lang/invoke/MethodType;Ljava/lang/String;[Ljava/lang/Object;)Ljava/lang/invoke/CallSite;+220 java.base@17.0.10
j  java.lang.invoke.DirectMethodHandle$Holder.invokeStatic(Ljava/lang/Object;Ljava/lang/Object;Ljava/lang/Object;Ljava/lang/Object;Ljava/lang/Object;Ljava/lang/Object;)Ljava/lang/Object;+18 java.base@17.0.10
j  java.lang.invoke.DelegatingMethodHandle$Holder.delegate(Ljava/lang/Object;Ljava/lang/Object;Ljava/lang/Object;Ljava/lang/Object;Ljava/lang/Object;Ljava/lang/Object;)Ljava/lang/Object;+21 java.base@17.0.10
j  java.lang.invoke.Invokers$Holder.invokeExact_MT(Ljava/lang/Object;Ljava/lang/Object;Ljava/lang/Object;Ljava/lang/Object;Ljava/lang/Object;Ljava/lang/Object;Ljava/lang/Object;)Ljava/lang/Object;+26 java.base@17.0.10
j  java.lang.invoke.BootstrapMethodInvoker.invoke(Ljava/lang/Class;Ljava/lang/invoke/MethodHandle;Ljava/lang/String;Ljava/lang/Object;Ljava/lang/Object;Ljava/lang/Class;)Ljava/lang/Object;+157 java.base@17.0.10
j  java.lang.invoke.CallSite.makeSite(Ljava/lang/invoke/MethodHandle;Ljava/lang/String;Ljava/lang/invoke/MethodType;Ljava/lang/Object;Ljava/lang/Class;)Ljava/lang/invoke/CallSite;+8 java.base@17.0.10
j  java.lang.invoke.MethodHandleNatives.linkCallSiteImpl(Ljava/lang/Class;Ljava/lang/invoke/MethodHandle;Ljava/lang/String;Ljava/lang/invoke/MethodType;Ljava/lang/Object;[Ljava/lang/Object;)Ljava/lang/invoke/MemberName;+6 java.base@17.0.10
j  java.lang.invoke.MethodHandleNatives.linkCallSite(Ljava/lang/Object;ILjava/lang/Object;Ljava/lang/Object;Ljava/lang/Object;Ljava/lang/Object;[Ljava/lang/Object;)Ljava/lang/invoke/MemberName;+46 java.base@17.0.10
v  ~StubRoutines::call_stub
j  org.eclipse.core.internal.resources.LocalMetaArea.getSafeTableLocationFor(Ljava/lang/String;)Lorg/eclipse/core/runtime/IPath;+44
j  org.eclipse.core.internal.resources.SafeFileTable.<init>(Ljava/lang/String;Lorg/eclipse/core/internal/resources/Workspace;)V+18
j  org.eclipse.core.internal.resources.SavedState.restoreFileTable()Lorg/eclipse/core/internal/resources/SafeFileTable;+20
j  org.eclipse.core.internal.resources.SavedState.<init>(Lorg/eclipse/core/internal/resources/Workspace;Ljava/lang/String;Lorg/eclipse/core/internal/watson/ElementTree;Lorg/eclipse/core/internal/watson/ElementTree;)V+27
j  org.eclipse.core.internal.resources.WorkspaceTreeReader_1.readPluginsSavedStates(Ljava/io/DataInputStream;Ljava/util/HashMap;Ljava/util/List;Lorg/eclipse/core/runtime/IProgressMonitor;)V+37
j  org.eclipse.core.internal.resources.WorkspaceTreeReader_2.readTree(Ljava/io/DataInputStream;Lorg/eclipse/core/runtime/IProgressMonitor;)V+90
j  org.eclipse.core.internal.resources.SaveManager.restoreTree(Lorg/eclipse/core/runtime/IProgressMonitor;)V+134
j  org.eclipse.core.internal.resources.SaveManager.restore(Lorg/eclipse/core/runtime/IProgressMonitor;)V+74
j  org.eclipse.core.internal.resources.SaveManager.startup(Lorg/eclipse/core/runtime/IProgressMonitor;)V+2
j  org.eclipse.core.internal.resources.Workspace.startup(Lorg/eclipse/core/runtime/IProgressMonitor;)V+194
j  org.eclipse.core.internal.resources.Workspace.open(Lorg/eclipse/core/runtime/IProgressMonitor;)Lorg/eclipse/core/runtime/IStatus;+136
j  org.eclipse.core.resources.ResourcesPlugin$WorkspaceInitCustomizer.addingService(Lorg/osgi/framework/ServiceReference;)Lorg/eclipse/core/internal/resources/Workspace;+45
j  org.eclipse.core.resources.ResourcesPlugin$WorkspaceInitCustomizer.addingService(Lorg/osgi/framework/ServiceReference;)Ljava/lang/Object;+5
j  org.osgi.util.tracker.ServiceTracker$Tracked.customizerAdding(Lorg/osgi/framework/ServiceReference;Lorg/osgi/framework/ServiceEvent;)Ljava/lang/Object;+8
j  org.osgi.util.tracker.ServiceTracker$Tracked.customizerAdding(Ljava/lang/Object;Ljava/lang/Object;)Ljava/lang/Object;+9
j  org.osgi.util.tracker.AbstractTracked.trackAdding(Ljava/lang/Object;Ljava/lang/Object;)V+8
j  org.osgi.util.tracker.AbstractTracked.trackInitial()V+90
j  org.osgi.util.tracker.ServiceTracker.open(Z)V+198
j  org.osgi.util.tracker.ServiceTracker.open()V+2
j  org.eclipse.core.resources.ResourcesPlugin.start(Lorg/osgi/framework/BundleContext;)V+106
j  org.eclipse.osgi.internal.framework.BundleContextImpl$2.run()Ljava/lang/Void;+23
j  org.eclipse.osgi.internal.framework.BundleContextImpl$2.run()Ljava/lang/Object;+1
J 911 c1 java.security.AccessController.executePrivileged(Ljava/security/PrivilegedExceptionAction;Ljava/security/AccessControlContext;Ljava/lang/Class;)Ljava/lang/Object; java.base@17.0.10 (65 bytes) @ 0x000002273876f234 [0x000002273876f0e0+0x0000000000000154]
j  java.security.AccessController.doPrivileged(Ljava/security/PrivilegedExceptionAction;)Ljava/lang/Object;+9 java.base@17.0.10
j  org.eclipse.osgi.internal.framework.BundleContextImpl.startActivator(Lorg/osgi/framework/BundleActivator;)V+9
j  org.eclipse.osgi.internal.framework.BundleContextImpl.start()V+134
j  org.eclipse.osgi.internal.framework.EquinoxBundle.startWorker0()V+35
j  org.eclipse.osgi.internal.framework.EquinoxBundle$EquinoxModule.startWorker()V+4
j  org.eclipse.osgi.container.Module.doStart([Lorg/eclipse/osgi/container/Module$StartOptions;)Lorg/eclipse/osgi/container/ModuleContainerAdaptor$ModuleEvent;+190
j  org.eclipse.osgi.container.Module.start([Lorg/eclipse/osgi/container/Module$StartOptions;)V+460
j  org.eclipse.osgi.framework.util.SecureAction.start(Lorg/eclipse/osgi/container/Module;[Lorg/eclipse/osgi/container/Module$StartOptions;)V+8
J 1734 c1 org.eclipse.osgi.internal.hooks.EclipseLazyStarter.postFindLocalClass(Ljava/lang/String;Ljava/lang/Class;Lorg/eclipse/osgi/internal/loader/classpath/ClasspathManager;)V (394 bytes) @ 0x000002273891125c [0x00000227389102e0+0x0000000000000f7c]
J 1848 c1 org.eclipse.osgi.internal.loader.classpath.ClasspathManager.findLocalClass(Ljava/lang/String;)Ljava/lang/Class; (210 bytes) @ 0x000002273894e8d4 [0x000002273894d920+0x0000000000000fb4]
J 1732 c1 org.eclipse.osgi.internal.loader.BundleLoader.findLocalClass(Ljava/lang/String;)Ljava/lang/Class; (152 bytes) @ 0x000002273890e2ec [0x000002273890daa0+0x000000000000084c]
J 1648 c1 org.eclipse.osgi.internal.loader.BundleLoader.findClass0(Ljava/lang/String;ZZ)Ljava/lang/Class; (470 bytes) @ 0x00000227388e3a94 [0x00000227388e13a0+0x00000000000026f4]
J 1647 c1 org.eclipse.osgi.internal.loader.BundleLoader.findClass(Ljava/lang/String;)Ljava/lang/Class; (8 bytes) @ 0x00000227388e0a9c [0x00000227388e0a20+0x000000000000007c]
J 1650 c1 org.eclipse.osgi.internal.loader.ModuleClassLoader.loadClass(Ljava/lang/String;Z)Ljava/lang/Class; (36 bytes) @ 0x00000227388e6e3c [0x00000227388e6c20+0x000000000000021c]
J 802 c1 java.lang.ClassLoader.loadClass(Ljava/lang/String;)Ljava/lang/Class; java.base@17.0.10 (7 bytes) @ 0x000002273873ccbc [0x000002273873cbc0+0x00000000000000fc]
v  ~StubRoutines::call_stub
j  java.lang.Class.getDeclaredConstructors0(Z)[Ljava/lang/reflect/Constructor;+0 java.base@17.0.10
j  java.lang.Class.privateGetDeclaredConstructors(Z)[Ljava/lang/reflect/Constructor;+52 java.base@17.0.10
j  java.lang.Class.getConstructor0([Ljava/lang/Class;I)Ljava/lang/reflect/Constructor;+14 java.base@17.0.10
j  java.lang.Class.getConstructor([Ljava/lang/Class;)Ljava/lang/reflect/Constructor;+24 java.base@17.0.10
j  org.eclipse.osgi.internal.framework.BundleContextImpl.loadBundleActivator()Lorg/osgi/framework/BundleActivator;+105
j  org.eclipse.osgi.internal.framework.BundleContextImpl.start()V+18
j  org.eclipse.osgi.internal.framework.EquinoxBundle.startWorker0()V+35
j  org.eclipse.osgi.internal.framework.EquinoxBundle$EquinoxModule.startWorker()V+4
j  org.eclipse.osgi.container.Module.doStart([Lorg/eclipse/osgi/container/Module$StartOptions;)Lorg/eclipse/osgi/container/ModuleContainerAdaptor$ModuleEvent;+190
j  org.eclipse.osgi.container.Module.start([Lorg/eclipse/osgi/container/Module$StartOptions;)V+460
j  org.eclipse.osgi.container.ModuleContainer$ContainerStartLevel$2.run()V+71
j  org.eclipse.osgi.internal.framework.EquinoxContainerAdaptor$1$1.execute(Ljava/lang/Runnable;)V+1
j  org.eclipse.osgi.container.ModuleContainer$ContainerStartLevel.incStartLevel(ILjava/util/List;Z)V+193
j  org.eclipse.osgi.container.ModuleContainer$ContainerStartLevel.incStartLevel(ILjava/util/List;Ljava/util/List;Ljava/util/List;Ljava/util/List;)V+19
j  org.eclipse.osgi.container.ModuleContainer$ContainerStartLevel.doContainerStartLevel(Lorg/eclipse/osgi/container/Module;I[Lorg/osgi/framework/FrameworkListener;)V+349
j  org.eclipse.osgi.container.ModuleContainer$ContainerStartLevel.dispatchEvent(Lorg/eclipse/osgi/container/Module;[Lorg/osgi/framework/FrameworkListener;ILjava/lang/Integer;)V+32
j  org.eclipse.osgi.container.ModuleContainer$ContainerStartLevel.dispatchEvent(Ljava/lang/Object;Ljava/lang/Object;ILjava/lang/Object;)V+15
j  org.eclipse.osgi.framework.eventmgr.EventManager.dispatchEvent(Ljava/util/Set;Lorg/eclipse/osgi/framework/eventmgr/EventDispatcher;ILjava/lang/Object;)V+48
j  org.eclipse.osgi.framework.eventmgr.EventManager$EventThread.run()V+26
v  ~StubRoutines::call_stub

Compiled method (c1)    3083 1509       3       java.lang.invoke.LambdaForm::prepare (112 bytes)
 total in heap  [0x00000227388a3690,0x00000227388a4310] = 3200
 relocation     [0x00000227388a37e8,0x00000227388a38b8] = 208
 main code      [0x00000227388a38c0,0x00000227388a3fe0] = 1824
 stub code      [0x00000227388a3fe0,0x00000227388a4078] = 152
 metadata       [0x00000227388a4078,0x00000227388a40c0] = 72
 scopes data    [0x00000227388a40c0,0x00000227388a4180] = 192
 scopes pcs     [0x00000227388a4180,0x00000227388a42c0] = 320
 dependencies   [0x00000227388a42c0,0x00000227388a42d8] = 24
 nul chk table  [0x00000227388a42d8,0x00000227388a4310] = 56

[Constant Pool (empty)]

[MachCode]
[Entry Point]
  # {method} {0x000002274a082a20} 'prepare' '()V' in 'java/lang/invoke/LambdaForm'
  #           [sp+0x70]  (sp of caller)
  0x00000227388a38c0: 448b 5208 | 49c1 e203 

  0x00000227388a38c8: ;   {runtime_call ic_miss_stub}
  0x00000227388a38c8: 4c3b d00f | 85af d42c | 070f 1f84 | 0000 0000 | 000f 1f80 | 0000 0000 
[Verified Entry Point]
  0x00000227388a38e0: 8984 2400 | 90ff ff55 | 4883 ec60 | 4889 5424 

  0x00000227388a38f0: ;   {metadata(method data for {method} {0x000002274a082a20} 'prepare' '()V' in 'java/lang/invoke/LambdaForm')}
  0x00000227388a38f0: 3848 be98 | 3fb9 4a27 | 0200 008b | becc 0000 | 0083 c702 | 89be cc00 | 0000 81e7 | fe07 0000 
  0x00000227388a3910: 83ff 000f | 84b0 0500 

  0x00000227388a3918: ;   {metadata(method data for {method} {0x000002274a082a20} 'prepare' '()V' in 'java/lang/invoke/LambdaForm')}
  0x00000227388a3918: 0048 be98 | 3fb9 4a27 | 0200 00ff | 8620 0100 | 0048 8bf2 

  0x00000227388a392c: ;   {metadata(method data for {method} {0x000002274a082a20} 'prepare' '()V' in 'java/lang/invoke/LambdaForm')}
  0x00000227388a392c: 48bf 983f | b94a 2702 | 0000 4883 | 8730 0100 

  0x00000227388a393c: ;   {metadata(method data for {method} {0x000002274a083190} 'forceInterpretation' '()Z' in 'java/lang/invoke/LambdaForm')}
  0x00000227388a393c: 0001 48be | b000 9f4a | 2702 0000 | 8bbe cc00 | 0000 83c7 | 0289 becc | 0000 0081 | e7fe ff1f 
  0x00000227388a395c: 0083 ff00 | 0f84 8405 | 0000 8b72 | 1483 feff 

  0x00000227388a396c: ;   {metadata(method data for {method} {0x000002274a083190} 'forceInterpretation' '()Z' in 'java/lang/invoke/LambdaForm')}
  0x00000227388a396c: 48be b000 | 9f4a 2702 | 0000 48bf | 1001 0000 | 0000 0000 | 0f85 0a00 | 0000 48bf | 2001 0000 
  0x00000227388a398c: 0000 0000 | 488b 1c3e | 488d 5b01 | 4889 1c3e | 0f85 1a00 

  0x00000227388a39a0: ;   {metadata(method data for {method} {0x000002274a083190} 'forceInterpretation' '()Z' in 'java/lang/invoke/LambdaForm')}
  0x00000227388a39a0: 0000 48be | b000 9f4a | 2702 0000 | ff86 3001 | 0000 be01 | 0000 00e9 | 0500 0000 | be00 0000 
  0x00000227388a39c0: 0083 e601 

  0x00000227388a39c4: ;   {metadata(method data for {method} {0x000002274a082a20} 'prepare' '()V' in 'java/lang/invoke/LambdaForm')}
  0x00000227388a39c4: 83fe 0048 | be98 3fb9 | 4a27 0200 | 0048 bf68 | 0100 0000 | 0000 000f | 850a 0000 | 0048 bf78 
  0x00000227388a39e4: 0100 0000 | 0000 0048 | 8b1c 3e48 | 8d5b 0148 | 891c 3e0f | 8574 0000 | 000f be72 | 1983 fe00 
  0x00000227388a3a04: ;   {metadata(method data for {method} {0x000002274a082a20} 'prepare' '()V' in 'java/lang/invoke/LambdaForm')}
  0x00000227388a3a04: 48be 983f | b94a 2702 | 0000 48bf | 8801 0000 | 0000 0000 | 0f85 0a00 | 0000 48bf | 9801 0000 
  0x00000227388a3a24: 0000 0000 | 488b 1c3e | 488d 5b01 | 4889 1c3e | 0f85 3700 | 0000 488b 

  0x00000227388a3a3c: ;   {metadata(method data for {method} {0x000002274a082a20} 'prepare' '()V' in 'java/lang/invoke/LambdaForm')}
  0x00000227388a3a3c: f248 bf98 | 3fb9 4a27 

  0x00000227388a3a44: ;   {metadata('java/lang/invoke/LambdaForm')}
  0x00000227388a3a44: 0200 0049 | ba70 d404 | 0001 0000 | 004c 8997 | b801 0000 | 4883 87c0 | 0100 0001 | 488b f248 
  0x00000227388a3a64: ;   {optimized virtual_call}
  0x00000227388a3a64: 8bd6 90e8 

  0x00000227388a3a68: ; ImmutableOopMap {[56]=Oop }
                      ;*invokevirtual compileToBytecode {reexecute=0 rethrow=0 return_oop=0}
                      ; - java.lang.invoke.LambdaForm::prepare@21
  0x00000227388a3a68: 7905 0000 | 488b 5424 | 388b 7228 | 4883 fe00 

  0x00000227388a3a78: ;   {metadata(method data for {method} {0x000002274a082a20} 'prepare' '()V' in 'java/lang/invoke/LambdaForm')}
  0x00000227388a3a78: 48be 983f | b94a 2702 | 0000 48bf | f001 0000 | 0000 0000 | 0f85 0a00 | 0000 48bf | e001 0000 
  0x00000227388a3a98: 0000 0000 | 488b 1c3e | 488d 5b01 | 4889 1c3e | 0f85 0804 | 0000 488b 

  0x00000227388a3ab0: ;   {metadata(method data for {method} {0x000002274a082a20} 'prepare' '()V' in 'java/lang/invoke/LambdaForm')}
  0x00000227388a3ab0: f248 bf98 | 3fb9 4a27 

  0x00000227388a3ab8: ;   {metadata('java/lang/invoke/LambdaForm')}
  0x00000227388a3ab8: 0200 0049 | ba70 d404 | 0001 0000 | 004c 8997 | 1002 0000 | 4883 8718 | 0200 0001 | 488b f248 
  0x00000227388a3ad8: 8bd6 0f1f 

  0x00000227388a3adc: ;   {optimized virtual_call}
  0x00000227388a3adc: 4400 00e8 

  0x00000227388a3ae0: ; ImmutableOopMap {[56]=Oop }
                      ;*invokevirtual methodType {reexecute=0 rethrow=0 return_oop=0}
                      ; - java.lang.invoke.LambdaForm::prepare@33
  0x00000227388a3ae0: 9cd5 2c07 | 4889 4424 | 4048 3b00 

  0x00000227388a3aec: ;   {metadata(method data for {method} {0x000002274a082a20} 'prepare' '()V' in 'java/lang/invoke/LambdaForm')}
  0x00000227388a3aec: 488b d048 | be98 3fb9 | 4a27 0200 | 0048 8386 | 3802 0000 | 018b 5014 

  0x00000227388a3b04: ; implicit exception: dispatches to 0x00000227388a3f10
  0x00000227388a3b04: 483b 0248 

  0x00000227388a3b08: ;   {metadata(method data for {method} {0x000002274a082a20} 'prepare' '()V' in 'java/lang/invoke/LambdaForm')}
  0x00000227388a3b08: 8bf2 48bf | 983f b94a | 2702 0000 | 4883 8770 | 0200 0001 

  0x00000227388a3b1c: ;   {metadata(method data for {method} {0x000002274a2c2c50} 'cachedLambdaForm' '(I)Ljava/lang/invoke/LambdaForm;' in 'java/lang/invoke/MethodTypeForm')}
  0x00000227388a3b1c: 48be 584d | b94a 2702 | 0000 8bbe | cc00 0000 | 83c7 0289 | becc 0000 | 0081 e7fe | ff1f 0083 
  0x00000227388a3b3c: ff00 0f84 | d103 0000 | 8b52 1c8b | 720c 83fe | 060f 86e8 | 0300 008b | 5228 4883 

  0x00000227388a3b58: ;   {metadata(method data for {method} {0x000002274a2c2c50} 'cachedLambdaForm' '(I)Ljava/lang/invoke/LambdaForm;' in 'java/lang/invoke/MethodTypeForm')}
  0x00000227388a3b58: fa00 48be | 584d b94a | 2702 0000 | 48bf 1001 | 0000 0000 | 0000 0f84 | 0a00 0000 | 48bf 2001 
  0x00000227388a3b78: 0000 0000 | 0000 488b | 1c3e 488d | 5b01 4889 | 1c3e 0f84 | 9001 0000 

  0x00000227388a3b90: ; implicit exception: dispatches to 0x00000227388a3f4d
  0x00000227388a3b90: 483b 0248 

  0x00000227388a3b94: ;   {metadata(method data for {method} {0x000002274a2c2c50} 'cachedLambdaForm' '(I)Ljava/lang/invoke/LambdaForm;' in 'java/lang/invoke/MethodTypeForm')}
  0x00000227388a3b94: 8bf2 48bf | 584d b94a | 2702 0000 | 8b76 0848 | c1e6 0348 | 3bb7 4001 | 0000 750d | 4883 8748 
  0x00000227388a3bb4: 0100 0001 | e966 0000 | 0048 3bb7 | 5001 0000 | 750d 4883 | 8758 0100 | 0001 e950 | 0000 0048 
  0x00000227388a3bd4: 81bf 4001 | 0000 0000 | 0000 7517 | 4889 b740 | 0100 0048 | c787 4801 | 0000 0100 | 0000 e92c 
  0x00000227388a3bf4: 0000 0048 | 81bf 5001 | 0000 0000 | 0000 7517 | 4889 b750 | 0100 0048 | c787 5801 | 0000 0100 
  0x00000227388a3c14: 0000 e908 | 0000 0048 | 8387 3001 | 0000 010f 

  0x00000227388a3c24: ;   {optimized virtual_call}
  0x00000227388a3c24: 1f40 00e8 

  0x00000227388a3c28: ; ImmutableOopMap {[56]=Oop [64]=Oop }
                      ;*invokevirtual get {reexecute=0 rethrow=0 return_oop=0}
                      ; - java.lang.invoke.MethodTypeForm::cachedLambdaForm@12
                      ; - java.lang.invoke.LambdaForm::prepare@43
  0x00000227388a3c28: 54d4 2c07 | 4883 f800 

  0x00000227388a3c30: ;   {metadata(method data for {method} {0x000002274a2c2c50} 'cachedLambdaForm' '(I)Ljava/lang/invoke/LambdaForm;' in 'java/lang/invoke/MethodTypeForm')}
  0x00000227388a3c30: 7516 48bf | 584d b94a | 2702 0000 | 808f 6101 | 0000 01e9 | c000 0000 

  0x00000227388a3c48: ;   {metadata('java/lang/invoke/LambdaForm')}
  0x00000227388a3c48: 48ba 70d4 | 0400 0100 | 0000 8b70 | 0848 c1e6 | 0348 3bd6 | 0f85 8a00 

  0x00000227388a3c60: ;   {metadata(method data for {method} {0x000002274a2c2c50} 'cachedLambdaForm' '(I)Ljava/lang/invoke/LambdaForm;' in 'java/lang/invoke/MethodTypeForm')}
  0x00000227388a3c60: 0000 48bf | 584d b94a | 2702 0000 | 8b50 0848 | c1e2 0348 | 3b97 7801 | 0000 750d | 4883 8780 
  0x00000227388a3c80: 0100 0001 | e97f 0000 | 0048 3b97 | 8801 0000 | 750d 4883 | 8790 0100 | 0001 e969 | 0000 0048 
  0x00000227388a3ca0: 81bf 7801 | 0000 0000 | 0000 7517 | 4889 9778 | 0100 0048 | c787 8001 | 0000 0100 | 0000 e945 
  0x00000227388a3cc0: 0000 0048 | 81bf 8801 | 0000 0000 | 0000 7517 | 4889 9788 | 0100 0048 | c787 9001 | 0000 0100 
  0x00000227388a3ce0: 0000 e921 | 0000 00e9 | 1c00 0000 

  0x00000227388a3cec: ;   {metadata(method data for {method} {0x000002274a2c2c50} 'cachedLambdaForm' '(I)Ljava/lang/invoke/LambdaForm;' in 'java/lang/invoke/MethodTypeForm')}
  0x00000227388a3cec: 48bf 584d | b94a 2702 | 0000 4883 | af68 0100 | 0001 e94f | 0200 00e9 | 0000 0000 

  0x00000227388a3d08: ;   {metadata(method data for {method} {0x000002274a2c2c50} 'cachedLambdaForm' '(I)Ljava/lang/invoke/LambdaForm;' in 'java/lang/invoke/MethodTypeForm')}
  0x00000227388a3d08: 488b d048 | be58 4db9 | 4a27 0200 | 00ff 86a0 | 0100 00e9 | 0a00 0000 

  0x00000227388a3d20: ;   {oop(NULL)}
  0x00000227388a3d20: 48ba 0000 | 0000 0000 | 0000 4883 

  0x00000227388a3d2c: ;   {metadata(method data for {method} {0x000002274a082a20} 'prepare' '()V' in 'java/lang/invoke/LambdaForm')}
  0x00000227388a3d2c: fa00 48be | 983f b94a | 2702 0000 | 48bf a802 | 0000 0000 | 0000 0f85 | 0a00 0000 | 48bf b802 
  0x00000227388a3d4c: 0000 0000 | 0000 488b | 043e 488d | 4001 4889 | 043e 0f85 | 1b01 0000 

  0x00000227388a3d64: ;   {metadata(method data for {method} {0x000002274a082a20} 'prepare' '()V' in 'java/lang/invoke/LambdaForm')}
  0x00000227388a3d64: 48ba 983f | b94a 2702 | 0000 ff82 | c802 0000 | 488b 4424 

  0x00000227388a3d78: ;   {metadata('java/lang/invoke/LambdaForm')}
  0x00000227388a3d78: 4048 ba70 | d404 0001 | 0000 0048 | 8bd8 498b | 8708 0100 | 0048 8d78 | 3049 3bbf | 1801 0000 
  0x00000227388a3d98: 0f87 bd01 | 0000 4989 | bf08 0100 | 0048 c700 | 0100 0000 | 488b ca48 | c1e9 0389 | 4808 4833 
  0x00000227388a3db8: c989 480c | 4833 c948 | 8948 1048 | 8948 1848 | 8948 2048 | 8948 284c 

  0x00000227388a3dd0: ;   {metadata(method data for {method} {0x000002274a082a20} 'prepare' '()V' in 'java/lang/invoke/LambdaForm')}
  0x00000227388a3dd0: 8bc0 48ba | 983f b94a | 2702 0000 | 4883 8260 | 0300 0001 | 4c8b c348 | 8bd0 4889 

  0x00000227388a3dec: ;   {optimized virtual_call}
  0x00000227388a3dec: 4424 48e8 

  0x00000227388a3df0: ; ImmutableOopMap {[56]=Oop [72]=Oop [64]=Oop }
                      ;*invokespecial <init> {reexecute=0 rethrow=0 return_oop=0}
                      ; - java.lang.invoke.LambdaForm::prepare@80
  0x00000227388a3df0: 8cd2 2c07 

  0x00000227388a3df4: ;   {metadata(method data for {method} {0x000002274a082a20} 'prepare' '()V' in 'java/lang/invoke/LambdaForm')}
  0x00000227388a3df4: 48ba 983f | b94a 2702 | 0000 4883 | 8270 0300 | 0001 488b | 5424 400f 

  0x00000227388a3e0c: ;   {static_call}
  0x00000227388a3e0c: 1f40 00e8 

  0x00000227388a3e10: ; ImmutableOopMap {[56]=Oop [72]=Oop [64]=Oop }
                      ;*invokestatic generateLambdaFormInterpreterEntryPoint {reexecute=0 rethrow=0 return_oop=0}
                      ; - java.lang.invoke.LambdaForm::prepare@86
  0x00000227388a3e10: 6cd8 2c07 | 4c8b 4c24 | 484c 8bd0 | 4589 5128 | 498b c148 | c1e8 0949 | b800 00d0 | 3427 0200 
  0x00000227388a3e30: 0042 c604 | 0000 488b 

  0x00000227388a3e38: ;   {metadata(method data for {method} {0x000002274a082a20} 'prepare' '()V' in 'java/lang/invoke/LambdaForm')}
  0x00000227388a3e38: 4424 4049 | b898 3fb9 | 4a27 0200 | 0049 8380 | 8003 0000 | 0148 8b44 | 2440 8b50 | 1448 3b02 
  0x00000227388a3e58: ;   {metadata(method data for {method} {0x000002274a082a20} 'prepare' '()V' in 'java/lang/invoke/LambdaForm')}
  0x00000227388a3e58: 4c8b c248 | be98 3fb9 | 4a27 0200 | 0048 8386 | b803 0000 | 0141 b806 | 0000 000f 

  0x00000227388a3e74: ;   {optimized virtual_call}
  0x00000227388a3e74: 1f40 00e8 

  0x00000227388a3e78: ; ImmutableOopMap {[56]=Oop }
                      ;*invokevirtual setCachedLambdaForm {reexecute=0 rethrow=0 return_oop=0}
                      ; - java.lang.invoke.LambdaForm::prepare@99
  0x00000227388a3e78: 04d2 2c07 | 488b d048 | 8b74 2438 

  0x00000227388a3e84: ; implicit exception: dispatches to 0x00000227388a3f6d
  0x00000227388a3e84: 8b7a 284c | 8bd7 4489 | 5628 488b | d648 c1ea | 0948 be00 | 00d0 3427 | 0200 00c6 | 0432 0048 
  0x00000227388a3ea4: 83c4 605d 

  0x00000227388a3ea8: ;   {poll_return}
  0x00000227388a3ea8: 493b a750 | 0300 000f | 87bd 0000 | 00c3 4883 

  0x00000227388a3eb8: ;   {poll_return}
  0x00000227388a3eb8: c460 5d49 | 3ba7 5003 | 0000 0f87 | c000 0000 

  0x00000227388a3ec8: ;   {metadata({method} {0x000002274a082a20} 'prepare' '()V' in 'java/lang/invoke/LambdaForm')}
  0x00000227388a3ec8: c349 ba18 | 2a08 4a27 | 0200 004c | 8954 2408 | 48c7 0424 | ffff ffff 

  0x00000227388a3ee0: ;   {runtime_call counter_overflow Runtime1 stub}
  0x00000227388a3ee0: e81b 6537 

  0x00000227388a3ee4: ; ImmutableOopMap {rdx=Oop [56]=Oop }
                      ;*synchronization entry
                      ; - java.lang.invoke.LambdaForm::prepare@-1
  0x00000227388a3ee4: 07e9 2ffa 

  0x00000227388a3ee8: ;   {metadata({method} {0x000002274a083190} 'forceInterpretation' '()Z' in 'java/lang/invoke/LambdaForm')}
  0x00000227388a3ee8: ffff 49ba | 8831 084a | 2702 0000 | 4c89 5424 | 0848 c704 | 24ff ffff 

  0x00000227388a3f00: ;   {runtime_call counter_overflow Runtime1 stub}
  0x00000227388a3f00: ffe8 fa64 

  0x00000227388a3f04: ; ImmutableOopMap {rdx=Oop [56]=Oop }
                      ;*synchronization entry
                      ; - java.lang.invoke.LambdaForm::forceInterpretation@-1
                      ; - java.lang.invoke.LambdaForm::prepare@7
  0x00000227388a3f04: 3707 e95b 

  0x00000227388a3f08: ;   {runtime_call throw_null_pointer_exception Runtime1 stub}
  0x00000227388a3f08: faff ffe8 

  0x00000227388a3f0c: ; ImmutableOopMap {[56]=Oop rax=Oop [64]=Oop }
                      ;*invokevirtual form {reexecute=0 rethrow=0 return_oop=0}
                      ; - java.lang.invoke.LambdaForm::prepare@38
  0x00000227388a3f0c: 9034 2e07 

  0x00000227388a3f10: ;   {runtime_call throw_null_pointer_exception Runtime1 stub}
  0x00000227388a3f10: e88b 342e 

  0x00000227388a3f14: ; ImmutableOopMap {[56]=Oop rax=Oop [64]=Oop rdx=Oop }
                      ;*invokevirtual cachedLambdaForm {reexecute=0 rethrow=0 return_oop=0}
                      ; - java.lang.invoke.LambdaForm::prepare@43
                      ;   {metadata({method} {0x000002274a2c2c50} 'cachedLambdaForm' '(I)Ljava/lang/invoke/LambdaForm;' in 'java/lang/invoke/MethodTypeForm')}
  0x00000227388a3f14: 0749 ba48 | 2c2c 4a27 | 0200 004c | 8954 2408 | 48c7 0424 | ffff ffff 

  0x00000227388a3f2c: ;   {runtime_call counter_overflow Runtime1 stub}
  0x00000227388a3f2c: e8cf 6437 

  0x00000227388a3f30: ; ImmutableOopMap {[56]=Oop rax=Oop [64]=Oop rdx=Oop }
                      ;*synchronization entry
                      ; - java.lang.invoke.MethodTypeForm::cachedLambdaForm@-1
                      ; - java.lang.invoke.LambdaForm::prepare@43
  0x00000227388a3f30: 07e9 0efc 

  0x00000227388a3f34: ;   {runtime_call throw_null_pointer_exception Runtime1 stub}
  0x00000227388a3f34: ffff e865 

  0x00000227388a3f38: ; ImmutableOopMap {[56]=Oop rax=Oop [64]=Oop rdx=Oop }
                      ;*aaload {reexecute=0 rethrow=0 return_oop=0}
                      ; - java.lang.invoke.MethodTypeForm::cachedLambdaForm@5
                      ; - java.lang.invoke.LambdaForm::prepare@43
  0x00000227388a3f38: 342e 0748 | c704 2406 | 0000 0048 | 8954 2408 

  0x00000227388a3f48: ;   {runtime_call throw_range_check_failed Runtime1 stub}
  0x00000227388a3f48: e853 3d2e 

  0x00000227388a3f4c: ; ImmutableOopMap {[56]=Oop rax=Oop [64]=Oop rdx=Oop }
                      ;*aaload {reexecute=0 rethrow=0 return_oop=0}
                      ; - java.lang.invoke.MethodTypeForm::cachedLambdaForm@5
                      ; - java.lang.invoke.LambdaForm::prepare@43
                      ;   {runtime_call throw_null_pointer_exception Runtime1 stub}
  0x00000227388a3f4c: 07e8 4e34 

  0x00000227388a3f50: ; ImmutableOopMap {[56]=Oop rdx=Oop [64]=Oop }
                      ;*invokevirtual get {reexecute=0 rethrow=0 return_oop=0}
                      ; - java.lang.invoke.MethodTypeForm::cachedLambdaForm@12
                      ; - java.lang.invoke.LambdaForm::prepare@43
  0x00000227388a3f50: 2e07 4889 

  0x00000227388a3f54: ;   {runtime_call throw_class_cast_exception Runtime1 stub}
  0x00000227388a3f54: 0424 e8c5 

  0x00000227388a3f58: ; ImmutableOopMap {[56]=Oop [64]=Oop }
                      ;*checkcast {reexecute=0 rethrow=0 return_oop=0}
                      ; - java.lang.invoke.MethodTypeForm::cachedLambdaForm@15
                      ; - java.lang.invoke.LambdaForm::prepare@43
  0x00000227388a3f58: 3737 0748 

  0x00000227388a3f5c: ;   {runtime_call fast_new_instance Runtime1 stub}
  0x00000227388a3f5c: 8bd2 e81d 

  0x00000227388a3f60: ; ImmutableOopMap {[56]=Oop rbx=Oop [64]=Oop }
                      ;*new {reexecute=0 rethrow=0 return_oop=0}
                      ; - java.lang.invoke.LambdaForm::prepare@75
  0x00000227388a3f60: 2b2e 07e9 | 67fe ffff 

  0x00000227388a3f68: ;   {runtime_call throw_null_pointer_exception Runtime1 stub}
  0x00000227388a3f68: e833 342e 

  0x00000227388a3f6c: ; ImmutableOopMap {[56]=Oop r9=Oop rdx=Oop }
                      ;*invokevirtual setCachedLambdaForm {reexecute=0 rethrow=0 return_oop=0}
                      ; - java.lang.invoke.LambdaForm::prepare@99
                      ;   {runtime_call throw_null_pointer_exception Runtime1 stub}
  0x00000227388a3f6c: 07e8 2e34 

  0x00000227388a3f70: ; ImmutableOopMap {rsi=Oop [56]=Oop }
                      ;*getfield vmentry {reexecute=1 rethrow=0 return_oop=0}
                      ; - (reexecute) java.lang.invoke.LambdaForm::prepare@105
                      ;   {internal_word}
  0x00000227388a3f70: 2e07 49ba | a83e 8a38 | 2702 0000 | 4d89 9768 

  0x00000227388a3f80: ;   {runtime_call SafepointBlob}
  0x00000227388a3f80: 0300 00e9 | 7837 2d07 

  0x00000227388a3f88: ;   {internal_word}
  0x00000227388a3f88: 49ba bb3e | 8a38 2702 | 0000 4d89 | 9768 0300 

  0x00000227388a3f98: ;   {runtime_call SafepointBlob}
  0x00000227388a3f98: 00e9 6237 | 2d07 9090 | 498b 87e0 | 0300 0049 | c787 e003 | 0000 0000 | 0000 49c7 | 87e8 0300 
  0x00000227388a3fb8: 0000 0000 | 0048 83c4 

  0x00000227388a3fc0: ;   {runtime_call unwind_exception Runtime1 stub}
  0x00000227388a3fc0: 605d e9b9 | 422e 07f4 | f4f4 f4f4 | f4f4 f4f4 | f4f4 f4f4 | f4f4 f4f4 | f4f4 f4f4 | f4f4 f4f4 
[Stub Code]
  0x00000227388a3fe0: ;   {no_reloc}
  0x00000227388a3fe0: 0f1f 4400 

  0x00000227388a3fe4: ;   {static_stub}
  0x00000227388a3fe4: 0048 bb00 | 2c08 4a27 

  0x00000227388a3fec: ;   {runtime_call I2C/C2I adapters}
  0x00000227388a3fec: 0200 00e9 | 5c1a 2d07 

  0x00000227388a3ff4: ;   {static_stub}
  0x00000227388a3ff4: 9048 bb00 | 0000 0000 

  0x00000227388a3ffc: ;   {runtime_call}
  0x00000227388a3ffc: 0000 00e9 | fbff ffff 

  0x00000227388a4004: ;   {static_stub}
  0x00000227388a4004: 9048 bb00 | 0000 0000 

  0x00000227388a400c: ;   {runtime_call}
  0x00000227388a400c: 0000 00e9 | fbff ffff 

  0x00000227388a4014: ;   {static_stub}
  0x00000227388a4014: 9048 bb00 | 0000 0000 

  0x00000227388a401c: ;   {runtime_call}
  0x00000227388a401c: 0000 00e9 | fbff ffff 

  0x00000227388a4024: ;   {static_stub}
  0x00000227388a4024: 9048 bb00 | 0000 0000 

  0x00000227388a402c: ;   {runtime_call}
  0x00000227388a402c: 0000 00e9 | fbff ffff 

  0x00000227388a4034: ;   {static_stub}
  0x00000227388a4034: 9048 bb00 | 0000 0000 

  0x00000227388a403c: ;   {runtime_call}
  0x00000227388a403c: 0000 00e9 | fbff ffff 
[Exception Handler]
  0x00000227388a4044: ;   {runtime_call handle_exception_from_callee Runtime1 stub}
  0x00000227388a4044: e837 152e 

  0x00000227388a4048: ;   {external_word}
  0x00000227388a4048: 0748 b940 | 9a4e 09f8 | 7f00 0048 

  0x00000227388a4054: ;   {runtime_call}
  0x00000227388a4054: 83e4 f049 | ba60 2d17 | 09f8 7f00 | 0041 ffd2 

  0x00000227388a4064: ;   {section_word}
  0x00000227388a4064: f449 ba65 | 408a 3827 | 0200 0041 

  0x00000227388a4070: ;   {runtime_call DeoptimizationBlob}
  0x00000227388a4070: 52e9 2a29 | 2d07 f4f4 
[/MachCode]


Compiled method (c1)    3152 1508       3       java.lang.invoke.MethodHandle::<init> (37 bytes)
 total in heap  [0x00000227388a1c90,0x00000227388a2570] = 2272
 relocation     [0x00000227388a1de8,0x00000227388a1e80] = 152
 main code      [0x00000227388a1e80,0x00000227388a22e0] = 1120
 stub code      [0x00000227388a22e0,0x00000227388a2358] = 120
 metadata       [0x00000227388a2358,0x00000227388a2390] = 56
 scopes data    [0x00000227388a2390,0x00000227388a2440] = 176
 scopes pcs     [0x00000227388a2440,0x00000227388a2540] = 256
 dependencies   [0x00000227388a2540,0x00000227388a2558] = 24
 nul chk table  [0x00000227388a2558,0x00000227388a2570] = 24

[Constant Pool (empty)]

[MachCode]
[Entry Point]
  # {method} {0x000002274a06e1e0} '<init>' '(Ljava/lang/invoke/MethodType;Ljava/lang/invoke/LambdaForm;)V' in 'java/lang/invoke/MethodHandle'
  # this:     rdx:rdx   = 'java/lang/invoke/MethodHandle'
  # parm0:    r8:r8     = 'java/lang/invoke/MethodType'
  # parm1:    r9:r9     = 'java/lang/invoke/LambdaForm'
  #           [sp+0x70]  (sp of caller)
  0x00000227388a1e80: 448b 5208 | 49c1 e203 

  0x00000227388a1e88: ;   {runtime_call ic_miss_stub}
  0x00000227388a1e88: 4c3b d00f | 85ef ee2c | 070f 1f84 | 0000 0000 | 000f 1f80 | 0000 0000 
[Verified Entry Point]
  0x00000227388a1ea0: 8984 2400 | 90ff ff55 | 4883 ec60 | 4889 5424 

  0x00000227388a1eb0: ;   {metadata(method data for {method} {0x000002274a06e1e0} '<init>' '(Ljava/lang/invoke/MethodType;Ljava/lang/invoke/LambdaForm;)V' in 'java/lang/invoke/MethodHandle')}
  0x00000227388a1eb0: 3048 beb8 | 3ab9 4a27 | 0200 008b | becc 0000 | 0083 c702 | 89be cc00 | 0000 81e7 | fe07 0000 
  0x00000227388a1ed0: 83ff 000f | 84ed 0200 | 0048 8bf2 

  0x00000227388a1edc: ;   {metadata(method data for {method} {0x000002274a06e1e0} '<init>' '(Ljava/lang/invoke/MethodType;Ljava/lang/invoke/LambdaForm;)V' in 'java/lang/invoke/MethodHandle')}
  0x00000227388a1edc: 48bf b83a | b94a 2702 | 0000 4883 | 8710 0100 

  0x00000227388a1eec: ;   {metadata(method data for {method} {0x000002274a000488} '<init>' '()V' in 'java/lang/Object')}
  0x00000227388a1eec: 0001 48be | 08c1 1e4a | 2702 0000 | 8bbe cc00 | 0000 83c7 | 0289 becc | 0000 0081 | e7fe ff1f 
  0x00000227388a1f0c: 0083 ff00 | 0f84 d102 

  0x00000227388a1f14: ;   {metadata(method data for {method} {0x000002274a06e1e0} '<init>' '(Ljava/lang/invoke/MethodType;Ljava/lang/invoke/LambdaForm;)V' in 'java/lang/invoke/MethodHandle')}
  0x00000227388a1f14: 0000 48be | b83a b94a | 2702 0000 | 4883 8620 | 0100 0001 

  0x00000227388a1f28: ;   {metadata(method data for {method} {0x000002274a11d9f0} 'requireNonNull' '(Ljava/lang/Object;)Ljava/lang/Object;' in 'java/util/Objects')}
  0x00000227388a1f28: 48be 08db | 244a 2702 | 0000 8bbe | cc00 0000 | 83c7 0289 | becc 0000 | 0081 e7fe | ff1f 0083 
  0x00000227388a1f48: ff00 0f84 | b802 0000 | 4983 f800 

  0x00000227388a1f54: ;   {metadata(method data for {method} {0x000002274a11d9f0} 'requireNonNull' '(Ljava/lang/Object;)Ljava/lang/Object;' in 'java/util/Objects')}
  0x00000227388a1f54: 48be 08db | 244a 2702 | 0000 48bf | 2001 0000 | 0000 0000 | 0f84 0a00 | 0000 48bf | 1001 0000 
  0x00000227388a1f74: 0000 0000 | 488b 1c3e | 488d 5b01 | 4889 1c3e | 0f84 ac01 | 0000 4d8b | d044 8952 | 1048 8bf2 
  0x00000227388a1f94: 48c1 ee09 | 48bf 0000 | d034 2702 | 0000 c604 

  0x00000227388a1fa4: ;   {metadata(method data for {method} {0x000002274a06e1e0} '<init>' '(Ljava/lang/invoke/MethodType;Ljava/lang/invoke/LambdaForm;)V' in 'java/lang/invoke/MethodHandle')}
  0x00000227388a1fa4: 3e00 48be | b83a b94a | 2702 0000 | 4883 8668 | 0100 0001 

  0x00000227388a1fb8: ;   {metadata(method data for {method} {0x000002274a11d9f0} 'requireNonNull' '(Ljava/lang/Object;)Ljava/lang/Object;' in 'java/util/Objects')}
  0x00000227388a1fb8: 48be 08db | 244a 2702 | 0000 8bbe | cc00 0000 | 83c7 0289 | becc 0000 | 0081 e7fe | ff1f 0083 
  0x00000227388a1fd8: ff00 0f84 | 4902 0000 | 4983 f900 

  0x00000227388a1fe4: ;   {metadata(method data for {method} {0x000002274a11d9f0} 'requireNonNull' '(Ljava/lang/Object;)Ljava/lang/Object;' in 'java/util/Objects')}
  0x00000227388a1fe4: 48be 08db | 244a 2702 | 0000 48bf | 2001 0000 | 0000 0000 | 0f84 0a00 | 0000 48bf | 1001 0000 
  0x00000227388a2004: 0000 0000 | 488b 1c3e | 488d 5b01 | 4889 1c3e | 0f84 9500 | 0000 493b | 0149 8bf1 

  0x00000227388a2020: ;   {metadata(method data for {method} {0x000002274a06e1e0} '<init>' '(Ljava/lang/invoke/MethodType;Ljava/lang/invoke/LambdaForm;)V' in 'java/lang/invoke/MethodHandle')}
  0x00000227388a2020: 48bf b83a | b94a 2702 

  0x00000227388a2028: ;   {metadata('java/lang/invoke/LambdaForm')}
  0x00000227388a2028: 0000 49ba | 70d4 0400 | 0100 0000 | 4c89 97c0 | 0100 0048 | 8387 c801 | 0000 0149 

  0x00000227388a2044: ;   {optimized virtual_call}
  0x00000227388a2044: 8bd1 90e8 

  0x00000227388a2048: ; ImmutableOopMap {[48]=Oop }
                      ;*invokevirtual uncustomize {reexecute=0 rethrow=0 return_oop=0}
                      ; - java.lang.invoke.MethodHandle::<init>@23
  0x00000227388a2048: 94c3 0200 | 488b 5424 | 304c 8bd0 | 4489 5214 | 48c1 ea09 | 48be 0000 | d034 2702 | 0000 c604 
  0x00000227388a2068: 3200 483b | 0048 8bd0 

  0x00000227388a2070: ;   {metadata(method data for {method} {0x000002274a06e1e0} '<init>' '(Ljava/lang/invoke/MethodType;Ljava/lang/invoke/LambdaForm;)V' in 'java/lang/invoke/MethodHandle')}
  0x00000227388a2070: 48be b83a | b94a 2702 

  0x00000227388a2078: ;   {metadata('java/lang/invoke/LambdaForm')}
  0x00000227388a2078: 0000 49ba | 70d4 0400 | 0100 0000 | 4c89 96f8 | 0100 0048 | 8386 0002 | 0000 0148 

  0x00000227388a2094: ;   {optimized virtual_call}
  0x00000227388a2094: 8bd0 90e8 

  0x00000227388a2098: ; ImmutableOopMap {}
                      ;*invokevirtual prepare {reexecute=0 rethrow=0 return_oop=0}
                      ; - java.lang.invoke.MethodHandle::<init>@33
  0x00000227388a2098: 4418 0000 | 4883 c460 

  0x00000227388a20a0: ;   {poll_return}
  0x00000227388a20a0: 5d49 3ba7 | 5003 0000 | 0f87 a601 | 0000 c390 

  0x00000227388a20b0: ;   {no_reloc}
  0x00000227388a20b0: e9c4 0100 | 0000 0000 | 0000 498b | 8708 0100 | 0048 8d78 | 3049 3bbf | 1801 0000 | 0f87 b101 
  0x00000227388a20d0: 0000 4989 | bf08 0100 | 0048 c700 | 0100 0000 | 488b ca48 | c1e9 0389 | 4808 4833 | c989 480c 
  0x00000227388a20f0: 4833 c948 | 8948 1048 | 8948 1848 | 8948 2048 | 8948 2848 

  0x00000227388a2104: ;   {metadata(method data for {method} {0x000002274a11d9f0} 'requireNonNull' '(Ljava/lang/Object;)Ljava/lang/Object;' in 'java/util/Objects')}
  0x00000227388a2104: 8bd0 48be | 08db 244a | 2702 0000 | 4883 8630 | 0100 0001 | 488b d048 | 8944 2438 | 0f1f 8000 
  0x00000227388a2124: ;   {optimized virtual_call}
  0x00000227388a2124: 0000 00e8 

  0x00000227388a2128: ; ImmutableOopMap {[48]=Oop [56]=Oop }
                      ;*invokespecial <init> {reexecute=0 rethrow=0 return_oop=0}
                      ; - java.util.Objects::requireNonNull@8
                      ; - java.lang.invoke.MethodHandle::<init>@17
  0x00000227388a2128: 54ef 2c07 | 488b 4424 | 38e9 9f01 | 0000 4c89 | 4c24 480f | 1f44 0000 

  0x00000227388a2140: ;   {no_reloc}
  0x00000227388a2140: e95a 0100 | 0000 0000 | 0000 498b | 8708 0100 | 0048 8d78 | 3049 3bbf | 1801 0000 | 0f87 4701 
  0x00000227388a2160: 0000 4989 | bf08 0100 | 0048 c700 | 0100 0000 | 488b ca48 | c1e9 0389 | 4808 4833 | c989 480c 
  0x00000227388a2180: 4833 c948 | 8948 1048 | 8948 1848 | 8948 2048 | 8948 2848 

  0x00000227388a2194: ;   {metadata(method data for {method} {0x000002274a11d9f0} 'requireNonNull' '(Ljava/lang/Object;)Ljava/lang/Object;' in 'java/util/Objects')}
  0x00000227388a2194: 8bd0 48be | 08db 244a | 2702 0000 | 4883 8630 | 0100 0001 | 488b d048 | 8944 2440 | 0f1f 8000 
  0x00000227388a21b4: ;   {optimized virtual_call}
  0x00000227388a21b4: 0000 00e8 

  0x00000227388a21b8: ; ImmutableOopMap {[72]=Oop [64]=Oop [48]=Oop }
                      ;*invokespecial <init> {reexecute=0 rethrow=0 return_oop=0}
                      ; - java.util.Objects::requireNonNull@8
                      ; - java.lang.invoke.MethodHandle::<init>@6
  0x00000227388a21b8: c4ee 2c07 | 488b 4424 | 40e9 0f01 

  0x00000227388a21c4: ;   {metadata({method} {0x000002274a06e1e0} '<init>' '(Ljava/lang/invoke/MethodType;Ljava/lang/invoke/LambdaForm;)V' in 'java/lang/invoke/MethodHandle')}
  0x00000227388a21c4: 0000 49ba | d8e1 064a | 2702 0000 | 4c89 5424 | 0848 c704 | 24ff ffff 

  0x00000227388a21dc: ;   {runtime_call counter_overflow Runtime1 stub}
  0x00000227388a21dc: ffe8 1e82 

  0x00000227388a21e0: ; ImmutableOopMap {rdx=Oop [48]=Oop r8=Oop r9=Oop }
                      ;*synchronization entry
                      ; - java.lang.invoke.MethodHandle::<init>@-1
  0x00000227388a21e0: 3707 e9f2 

  0x00000227388a21e4: ;   {metadata({method} {0x000002274a000488} '<init>' '()V' in 'java/lang/Object')}
  0x00000227388a21e4: fcff ff49 | ba80 0400 | 4a27 0200 | 004c 8954 | 2408 48c7 | 0424 ffff 

  0x00000227388a21fc: ;   {runtime_call counter_overflow Runtime1 stub}
  0x00000227388a21fc: ffff e8fd 

  0x00000227388a2200: ; ImmutableOopMap {rdx=Oop [48]=Oop r8=Oop r9=Oop }
                      ;*synchronization entry
                      ; - java.lang.Object::<init>@-1
                      ; - java.lang.invoke.MethodHandle::<init>@1
  0x00000227388a2200: 8137 07e9 | 0efd ffff 

  0x00000227388a2208: ;   {metadata({method} {0x000002274a11d9f0} 'requireNonNull' '(Ljava/lang/Object;)Ljava/lang/Object;' in 'java/util/Objects')}
  0x00000227388a2208: 49ba e8d9 | 114a 2702 | 0000 4c89 | 5424 0848 | c704 24ff 

  0x00000227388a221c: ;   {runtime_call counter_overflow Runtime1 stub}
  0x00000227388a221c: ffff ffe8 

  0x00000227388a2220: ; ImmutableOopMap {rdx=Oop [48]=Oop r8=Oop r9=Oop }
                      ;*synchronization entry
                      ; - java.util.Objects::requireNonNull@-1
                      ; - java.lang.invoke.MethodHandle::<init>@6
  0x00000227388a2220: dc81 3707 | e927 fdff 

  0x00000227388a2228: ;   {metadata({method} {0x000002274a11d9f0} 'requireNonNull' '(Ljava/lang/Object;)Ljava/lang/Object;' in 'java/util/Objects')}
  0x00000227388a2228: ff49 bae8 | d911 4a27 | 0200 004c | 8954 2408 | 48c7 0424 | ffff ffff 

  0x00000227388a2240: ;   {runtime_call counter_overflow Runtime1 stub}
  0x00000227388a2240: e8bb 8137 

  0x00000227388a2244: ; ImmutableOopMap {rdx=Oop [48]=Oop r9=Oop }
                      ;*synchronization entry
                      ; - java.util.Objects::requireNonNull@-1
                      ; - java.lang.invoke.MethodHandle::<init>@17
  0x00000227388a2244: 07e9 96fd 

  0x00000227388a2248: ;   {runtime_call throw_null_pointer_exception Runtime1 stub}
  0x00000227388a2248: ffff e851 

  0x00000227388a224c: ; ImmutableOopMap {r9=Oop [48]=Oop }
                      ;*invokevirtual uncustomize {reexecute=0 rethrow=0 return_oop=0}
                      ; - java.lang.invoke.MethodHandle::<init>@23
                      ;   {runtime_call throw_null_pointer_exception Runtime1 stub}
  0x00000227388a224c: 512e 07e8 

  0x00000227388a2250: ; ImmutableOopMap {rax=Oop }
                      ;*invokevirtual prepare {reexecute=0 rethrow=0 return_oop=0}
                      ; - java.lang.invoke.MethodHandle::<init>@33
  0x00000227388a2250: 4c51 2e07 

  0x00000227388a2254: ;   {internal_word}
  0x00000227388a2254: 49ba a120 | 8a38 2702 | 0000 4d89 | 9768 0300 

  0x00000227388a2264: ;   {runtime_call SafepointBlob}
  0x00000227388a2264: 00e9 9654 

  0x00000227388a2268: ;   {metadata(NULL)}
  0x00000227388a2268: 2d07 48ba | 0000 0000 | 0000 0000 | b800 0f05 

  0x00000227388a2278: ;   {runtime_call load_klass_patching Runtime1 stub}
  0x00000227388a2278: 0ae8 0271 

  0x00000227388a227c: ; ImmutableOopMap {[48]=Oop }
                      ;*new {reexecute=1 rethrow=0 return_oop=0}
                      ; - (reexecute) java.util.Objects::requireNonNull@4
                      ; - java.lang.invoke.MethodHandle::<init>@17
  0x00000227388a227c: 3707 e92d | feff ff48 

  0x00000227388a2284: ;   {runtime_call fast_new_instance Runtime1 stub}
  0x00000227388a2284: 8bd2 e8f5 

  0x00000227388a2288: ; ImmutableOopMap {[48]=Oop }
                      ;*new {reexecute=0 rethrow=0 return_oop=0}
                      ; - java.util.Objects::requireNonNull@4
                      ; - java.lang.invoke.MethodHandle::<init>@17
  0x00000227388a2288: 472e 07e9 | 73fe ffff 

  0x00000227388a2290: ;   {metadata(NULL)}
  0x00000227388a2290: 48ba 0000 | 0000 0000 | 0000 b800 

  0x00000227388a229c: ;   {runtime_call load_klass_patching Runtime1 stub}
  0x00000227388a229c: 0f05 0ae8 

  0x00000227388a22a0: ; ImmutableOopMap {[72]=Oop [48]=Oop }
                      ;*new {reexecute=1 rethrow=0 return_oop=0}
                      ; - (reexecute) java.util.Objects::requireNonNull@4
                      ; - java.lang.invoke.MethodHandle::<init>@6
  0x00000227388a22a0: dc70 3707 | e997 feff | ff48 8bd2 

  0x00000227388a22ac: ;   {runtime_call fast_new_instance Runtime1 stub}
  0x00000227388a22ac: e8cf 472e 

  0x00000227388a22b0: ; ImmutableOopMap {[72]=Oop [48]=Oop }
                      ;*new {reexecute=0 rethrow=0 return_oop=0}
                      ; - java.util.Objects::requireNonNull@4
                      ; - java.lang.invoke.MethodHandle::<init>@6
  0x00000227388a22b0: 07e9 ddfe | ffff 9090 | 498b 87e0 | 0300 0049 | c787 e003 | 0000 0000 | 0000 49c7 | 87e8 0300 
  0x00000227388a22d0: 0000 0000 | 0048 83c4 

  0x00000227388a22d8: ;   {runtime_call unwind_exception Runtime1 stub}
  0x00000227388a22d8: 605d e9a1 | 5f2e 07f4 
[Stub Code]
  0x00000227388a22e0: ;   {no_reloc}
  0x00000227388a22e0: 0f1f 4400 

  0x00000227388a22e4: ;   {static_stub}
  0x00000227388a22e4: 0048 bb78 | 1908 4a27 

  0x00000227388a22ec: ;   {runtime_call I2C/C2I adapters}
  0x00000227388a22ec: 0200 00e9 | 5c37 2d07 

  0x00000227388a22f4: ;   {static_stub}
  0x00000227388a22f4: 9048 bb18 | 2a08 4a27 

  0x00000227388a22fc: ;   {runtime_call I2C/C2I adapters}
  0x00000227388a22fc: 0200 00e9 | 4c37 2d07 

  0x00000227388a2304: ;   {static_stub}
  0x00000227388a2304: 9048 bb00 | 0000 0000 

  0x00000227388a230c: ;   {runtime_call}
  0x00000227388a230c: 0000 00e9 | fbff ffff 

  0x00000227388a2314: ;   {static_stub}
  0x00000227388a2314: 9048 bb00 | 0000 0000 

  0x00000227388a231c: ;   {runtime_call}
  0x00000227388a231c: 0000 00e9 | fbff ffff 
[Exception Handler]
  0x00000227388a2324: ;   {runtime_call handle_exception_from_callee Runtime1 stub}
  0x00000227388a2324: e857 322e 

  0x00000227388a2328: ;   {external_word}
  0x00000227388a2328: 0748 b940 | 9a4e 09f8 | 7f00 0048 

  0x00000227388a2334: ;   {runtime_call}
  0x00000227388a2334: 83e4 f049 | ba60 2d17 | 09f8 7f00 | 0041 ffd2 

  0x00000227388a2344: ;   {section_word}
  0x00000227388a2344: f449 ba45 | 238a 3827 | 0200 0041 

  0x00000227388a2350: ;   {runtime_call DeoptimizationBlob}
  0x00000227388a2350: 52e9 4a46 | 2d07 f4f4 
[/MachCode]


Compiled method (c1)    3175 1955       3       java.lang.invoke.BoundMethodHandle::<init> (32 bytes)
 total in heap  [0x0000022738989610,0x0000022738989998] = 904
 relocation     [0x0000022738989768,0x00000227389897a8] = 64
 main code      [0x00000227389897c0,0x00000227389898e0] = 288
 stub code      [0x00000227389898e0,0x0000022738989928] = 72
 metadata       [0x0000022738989928,0x0000022738989930] = 8
 scopes data    [0x0000022738989930,0x0000022738989950] = 32
 scopes pcs     [0x0000022738989950,0x0000022738989990] = 64
 dependencies   [0x0000022738989990,0x0000022738989998] = 8

[Constant Pool (empty)]

[MachCode]
[Entry Point]
  # {method} {0x000002274a3585a0} '<init>' '(Ljava/lang/invoke/MethodType;Ljava/lang/invoke/LambdaForm;)V' in 'java/lang/invoke/BoundMethodHandle'
  # this:     rdx:rdx   = 'java/lang/invoke/BoundMethodHandle'
  # parm0:    r8:r8     = 'java/lang/invoke/MethodType'
  # parm1:    r9:r9     = 'java/lang/invoke/LambdaForm'
  #           [sp+0x50]  (sp of caller)
  0x00000227389897c0: 448b 5208 | 49c1 e203 

  0x00000227389897c8: ;   {runtime_call ic_miss_stub}
  0x00000227389897c8: 4c3b d00f | 85af 751e | 070f 1f84 | 0000 0000 | 000f 1f80 | 0000 0000 
[Verified Entry Point]
  0x00000227389897e0: 8984 2400 | 90ff ff55 | 4883 ec40 

  0x00000227389897ec: ;   {metadata(method data for {method} {0x000002274a3585a0} '<init>' '(Ljava/lang/invoke/MethodType;Ljava/lang/invoke/LambdaForm;)V' in 'java/lang/invoke/BoundMethodHandle')}
  0x00000227389897ec: 48be a840 | 104b 2702 | 0000 8bbe | cc00 0000 | 83c7 0289 | becc 0000 | 0081 e7fe | 0700 0083 
  0x000002273898980c: ff00 0f84 | 5300 0000 

  0x0000022738989814: ;   {metadata(method data for {method} {0x000002274a3585a0} '<init>' '(Ljava/lang/invoke/MethodType;Ljava/lang/invoke/LambdaForm;)V' in 'java/lang/invoke/BoundMethodHandle')}
  0x0000022738989814: 488b f248 | bfa8 4010 | 4b27 0200 | 0048 8387 | 1001 0000 | 0149 8bf1 | 4c8b ce48 | 8bfa 488b 
  0x0000022738989834: d748 8974 | 2428 4889 

  0x000002273898983c: ;   {optimized virtual_call}
  0x000002273898983c: 7c24 20e8 

  0x0000022738989840: ; ImmutableOopMap {[40]=Oop [32]=Oop }
                      ;*invokespecial <init> {reexecute=0 rethrow=0 return_oop=0}
                      ; - java.lang.invoke.BoundMethodHandle::<init>@3
  0x0000022738989840: 5c86 f1ff 

  0x0000022738989844: ;   {metadata(method data for {method} {0x000002274a3585a0} '<init>' '(Ljava/lang/invoke/MethodType;Ljava/lang/invoke/LambdaForm;)V' in 'java/lang/invoke/BoundMethodHandle')}
  0x0000022738989844: 48be a840 | 104b 2702 | 0000 ff86 | 2001 0000 | 4883 c440 

  0x0000022738989858: ;   {poll_return}
  0x0000022738989858: 5d49 3ba7 | 5003 0000 | 0f87 1f00 

  0x0000022738989864: ;   {metadata({method} {0x000002274a3585a0} '<init>' '(Ljava/lang/invoke/MethodType;Ljava/lang/invoke/LambdaForm;)V' in 'java/lang/invoke/BoundMethodHandle')}
  0x0000022738989864: 0000 c349 | ba98 8535 | 4a27 0200 | 004c 8954 | 2408 48c7 | 0424 ffff 

  0x000002273898987c: ;   {runtime_call counter_overflow Runtime1 stub}
  0x000002273898987c: ffff e87d 

  0x0000022738989880: ; ImmutableOopMap {rdx=Oop r8=Oop r9=Oop }
                      ;*synchronization entry
                      ; - java.lang.invoke.BoundMethodHandle::<init>@-1
  0x0000022738989880: 0b29 07eb 

  0x0000022738989884: ;   {internal_word}
  0x0000022738989884: 8f49 ba59 | 9898 3827 | 0200 004d | 8997 6803 

  0x0000022738989894: ;   {runtime_call SafepointBlob}
  0x0000022738989894: 0000 e965 | de1e 0790 | 9049 8b87 | e003 0000 | 49c7 87e0 | 0300 0000 | 0000 0049 | c787 e803 
  0x00000227389898b4: 0000 0000 | 0000 4883 

  0x00000227389898bc: ;   {runtime_call unwind_exception Runtime1 stub}
  0x00000227389898bc: c440 5de9 | bce9 1f07 | f4f4 f4f4 | f4f4 f4f4 | f4f4 f4f4 | f4f4 f4f4 | f4f4 f4f4 | f4f4 f4f4 
  0x00000227389898dc: f4f4 f4f4 
[Stub Code]
  0x00000227389898e0: ;   {no_reloc}
  0x00000227389898e0: 0f1f 4400 

  0x00000227389898e4: ;   {static_stub}
  0x00000227389898e4: 0048 bb00 | 0000 0000 

  0x00000227389898ec: ;   {runtime_call}
  0x00000227389898ec: 0000 00e9 | fbff ffff 
[Exception Handler]
  0x00000227389898f4: ;   {runtime_call handle_exception_from_callee Runtime1 stub}
  0x00000227389898f4: e887 bc1f 

  0x00000227389898f8: ;   {external_word}
  0x00000227389898f8: 0748 b940 | 9a4e 09f8 | 7f00 0048 

  0x0000022738989904: ;   {runtime_call}
  0x0000022738989904: 83e4 f049 | ba60 2d17 | 09f8 7f00 | 0041 ffd2 

  0x0000022738989914: ;   {section_word}
  0x0000022738989914: f449 ba15 | 9998 3827 | 0200 0041 

  0x0000022738989920: ;   {runtime_call DeoptimizationBlob}
  0x0000022738989920: 52e9 7ad0 | 1e07 f4f4 
[/MachCode]


---------------  P R O C E S S  ---------------

Threads class SMR info:
_java_thread_list=0x00000227506bbe00, length=19, elements={
0x000002273595ffc0, 0x0000022735a0cdd0, 0x0000022735a0e2c0, 0x00000227497ee240,
0x000002274e9070f0, 0x000002274e9077d0, 0x000002274e9080a0, 0x000002274e8eafb0,
0x000002274e8f69c0, 0x000002274e966360, 0x000002274e9f5690, 0x000002274ec1e7c0,
0x000002274ebf9c50, 0x00000227502f7680, 0x0000022750300c30, 0x00000227504f0960,
0x000002275042e080, 0x00000227503ed4b0, 0x00000227506b1340
}

Java Threads: ( => current thread )
  0x000002273595ffc0 JavaThread "main" [_thread_blocked, id=7032, stack(0x000000f11e800000,0x000000f11e900000)]
  0x0000022735a0cdd0 JavaThread "Reference Handler" daemon [_thread_blocked, id=20240, stack(0x000000f11eb00000,0x000000f11ec00000)]
  0x0000022735a0e2c0 JavaThread "Finalizer" daemon [_thread_blocked, id=34036, stack(0x000000f11ec00000,0x000000f11ed00000)]
  0x00000227497ee240 JavaThread "Signal Dispatcher" daemon [_thread_blocked, id=32572, stack(0x000000f11ed00000,0x000000f11ee00000)]
  0x000002274e9070f0 JavaThread "Attach Listener" daemon [_thread_blocked, id=24292, stack(0x000000f11ee00000,0x000000f11ef00000)]
  0x000002274e9077d0 JavaThread "Service Thread" daemon [_thread_blocked, id=38900, stack(0x000000f11ef00000,0x000000f11f000000)]
  0x000002274e9080a0 JavaThread "Monitor Deflation Thread" daemon [_thread_blocked, id=37192, stack(0x000000f11f000000,0x000000f11f100000)]
  0x000002274e8eafb0 JavaThread "C2 CompilerThread0" daemon [_thread_blocked, id=13972, stack(0x000000f11f100000,0x000000f11f200000)]
  0x000002274e8f69c0 JavaThread "C1 CompilerThread0" daemon [_thread_blocked, id=12156, stack(0x000000f11f200000,0x000000f11f300000)]
  0x000002274e966360 JavaThread "Sweeper thread" daemon [_thread_blocked, id=25912, stack(0x000000f11f300000,0x000000f11f400000)]
  0x000002274e9f5690 JavaThread "Common-Cleaner" daemon [_thread_blocked, id=29892, stack(0x000000f11f400000,0x000000f11f500000)]
  0x000002274ec1e7c0 JavaThread "Notification Thread" daemon [_thread_blocked, id=29848, stack(0x000000f11f500000,0x000000f11f600000)]
  0x000002274ebf9c50 JavaThread "C2 CompilerThread1" daemon [_thread_blocked, id=23756, stack(0x000000f11f700000,0x000000f11f800000)]
  0x00000227502f7680 JavaThread "Active Thread: Equinox Container: 243975df-1ceb-4c6d-98c7-831e59f699ce" [_thread_blocked, id=1136, stack(0x000000f11fe00000,0x000000f11ff00000)]
  0x0000022750300c30 JavaThread "Framework Event Dispatcher: Equinox Container: 243975df-1ceb-4c6d-98c7-831e59f699ce" daemon [_thread_blocked, id=33360, stack(0x000000f11ff00000,0x000000f120000000)]
=>0x00000227504f0960 JavaThread "Start Level: Equinox Container: 243975df-1ceb-4c6d-98c7-831e59f699ce" daemon [_thread_in_vm, id=24860, stack(0x000000f120000000,0x000000f120100000)]
  0x000002275042e080 JavaThread "SCR Component Actor" daemon [_thread_blocked, id=18636, stack(0x000000f120100000,0x000000f120200000)]
  0x00000227503ed4b0 JavaThread "SCR Component Registry" daemon [_thread_blocked, id=33656, stack(0x000000f120300000,0x000000f120400000)]
  0x00000227506b1340 JavaThread "Worker-JM" [_thread_blocked, id=17372, stack(0x000000f120400000,0x000000f120500000)]

Other Threads:
  0x0000022735a09a00 VMThread "VM Thread" [stack: 0x000000f11ea00000,0x000000f11eb00000] [id=29844]
  0x000002274ec1eca0 WatcherThread [stack: 0x000000f11f600000,0x000000f11f700000] [id=39608]
  0x0000022735974530 GCTaskThread "GC Thread#0" [stack: 0x000000f11e900000,0x000000f11ea00000] [id=18312]
  0x000002275022fd60 GCTaskThread "GC Thread#1" [stack: 0x000000f11f800000,0x000000f11f900000] [id=11680]
  0x000002274fc7ed50 GCTaskThread "GC Thread#2" [stack: 0x000000f11f900000,0x000000f11fa00000] [id=32636]
  0x000002274fc7f010 GCTaskThread "GC Thread#3" [stack: 0x000000f11fa00000,0x000000f11fb00000] [id=35848]
  0x000002274fc7f2d0 GCTaskThread "GC Thread#4" [stack: 0x000000f11fb00000,0x000000f11fc00000] [id=25036]
  0x000002274fc7f590 GCTaskThread "GC Thread#5" [stack: 0x000000f11fc00000,0x000000f11fd00000] [id=15284]
  0x000002274fc7f850 GCTaskThread "GC Thread#6" [stack: 0x000000f11fd00000,0x000000f11fe00000] [id=37812]
  0x000002275024eb30 GCTaskThread "GC Thread#7" [stack: 0x000000f120200000,0x000000f120300000] [id=19132]

Threads with active compile tasks:

VM state: not at safepoint (normal execution)

VM Mutex/Monitor currently owned by a thread:  ([mutex/lock_event])
[0x000002273595a7d0] Metaspace_lock - owner thread: 0x00000227504f0960

Heap address: 0x00000000c0000000, size: 1024 MB, Compressed Oops mode: 32-bit

CDS archive(s) not mapped
Compressed class space mapped at: 0x0000000100000000-0x0000000140000000, reserved size: 1073741824
Narrow klass base: 0x0000000000000000, Narrow klass shift: 3, Narrow klass range: 0x140000000

GC Precious Log:
 CPUs: 8 total, 8 available
 Memory: 11713M
 Large Page Support: Disabled
 NUMA Support: Disabled
 Compressed Oops: Enabled (32-bit)
 Alignments: Space 512K, Generation 512K, Heap 2M
 Heap Min Capacity: 100M
 Heap Initial Capacity: 100M
 Heap Max Capacity: 1G
 Pre-touch: Disabled
 Parallel Workers: 8

Heap:
 PSYoungGen      total 29696K, used 5730K [0x00000000eab00000, 0x00000000ecc00000, 0x0000000100000000)
  eden space 25600K, 6% used [0x00000000eab00000,0x00000000eac9bc80,0x00000000ec400000)
  from space 4096K, 99% used [0x00000000ec400000,0x00000000ec7fcf38,0x00000000ec800000)
  to   space 4096K, 0% used [0x00000000ec800000,0x00000000ec800000,0x00000000ecc00000)
 ParOldGen       total 68608K, used 2398K [0x00000000c0000000, 0x00000000c4300000, 0x00000000eab00000)
  object space 68608K, 3% used [0x00000000c0000000,0x00000000c0257bc0,0x00000000c4300000)
 Metaspace       used 20075K, committed 20480K, reserved 1114112K
  class space    used 2045K, committed 2176K, reserved 1048576K

Card table byte_map: [0x0000022735300000,0x0000022735510000] _byte_map_base: 0x0000022734d00000

Marking Bits: (ParMarkBitMap*) 0x00007ff80975d7d0
 Begin Bits: [0x00000227475f0000, 0x00000227485f0000)
 End Bits:   [0x00000227485f0000, 0x00000227495f0000)

Polling page: 0x0000022733ad0000

Metaspace:

Usage:
  Non-class:     17.61 MB used.
      Class:      2.00 MB used.
       Both:     19.60 MB used.

Virtual space:
  Non-class space:       64.00 MB reserved,      17.88 MB ( 28%) committed,  1 nodes.
      Class space:        1.00 GB reserved,       2.12 MB ( <1%) committed,  1 nodes.
             Both:        1.06 GB reserved,      20.00 MB (  2%) committed. 

Chunk freelists:
   Non-Class:  13.42 MB
       Class:  13.81 MB
        Both:  27.23 MB

MaxMetaspaceSize: unlimited
CompressedClassSpaceSize: 1.00 GB
Initial GC threshold: 21.00 MB
Current GC threshold: 21.00 MB
CDS: off
MetaspaceReclaimPolicy: balanced
 - commit_granule_bytes: 65536.
 - commit_granule_words: 8192.
 - virtual_space_node_default_size: 8388608.
 - enlarge_chunks_in_place: 1.
 - new_chunks_are_fully_committed: 0.
 - uncommit_free_chunks: 1.
 - use_allocation_guard: 0.
 - handle_deallocations: 1.


Internal statistics:

num_allocs_failed_limit: 0.
num_arena_births: 210.
num_arena_deaths: 0.
num_vsnodes_births: 2.
num_vsnodes_deaths: 0.
num_space_committed: 320.
num_space_uncommitted: 0.
num_chunks_returned_to_freelist: 0.
num_chunks_taken_from_freelist: 654.
num_chunk_merges: 0.
num_chunk_splits: 417.
num_chunks_enlarged: 294.
num_inconsistent_stats: 0.

CodeHeap 'non-profiled nmethods': size=120000Kb used=860Kb max_used=860Kb free=119139Kb
 bounds [0x00000227400c0000, 0x0000022740330000, 0x00000227475f0000]
CodeHeap 'profiled nmethods': size=120000Kb used=3971Kb max_used=3971Kb free=116029Kb
 bounds [0x00000227385f0000, 0x00000227389e0000, 0x000002273fb20000]
CodeHeap 'non-nmethods': size=5760Kb used=1181Kb max_used=1198Kb free=4578Kb
 bounds [0x000002273fb20000, 0x000002273fd90000, 0x00000227400c0000]
 total_blobs=2547 nmethods=2064 adapters=397
 compilation: enabled
              stopped_count=0, restarted_count=0
 full_count=0

Compilation events (20 events):
Event: 2.995 Thread 0x000002274e8f69c0 nmethod 2053 0x0000022740194190 code [0x0000022740194320, 0x00000227401943f8]
Event: 2.995 Thread 0x000002274ebf9c50 nmethod 2054 0x0000022740194490 code [0x0000022740194620, 0x0000022740194738]
Event: 2.996 Thread 0x000002274ebf9c50 2055       4       java.util.HashMap$KeySet::iterator (12 bytes)
Event: 2.997 Thread 0x000002274e8f69c0 2056   !   3       org.eclipse.osgi.container.Module::start (655 bytes)
Event: 3.002 Thread 0x000002274e8eafb0 nmethod 2021 0x0000022740194810 code [0x0000022740194a20, 0x0000022740195bb8]
Event: 3.003 Thread 0x000002274ebf9c50 nmethod 2055 0x0000022740196990 code [0x0000022740196b20, 0x0000022740196e78]
Event: 3.007 Thread 0x000002274e8f69c0 nmethod 2056 0x00000227389c4910 code [0x00000227389c53e0, 0x00000227389cac88]
Event: 3.007 Thread 0x000002274e8f69c0 2057   !   3       java.util.Collections$SynchronizedMap::get (25 bytes)
Event: 3.007 Thread 0x000002274e8f69c0 nmethod 2057 0x00000227389cd610 code [0x00000227389cd7c0, 0x00000227389cda68]
Event: 3.017 Thread 0x000002274e8f69c0 2058       3       org.eclipse.core.internal.localstore.SafeChunkyInputStream::compare (45 bytes)
Event: 3.018 Thread 0x000002274e8f69c0 nmethod 2058 0x00000227389cdb90 code [0x00000227389cdd40, 0x00000227389cdfd8]
Event: 3.018 Thread 0x000002274e8f69c0 2059       3       org.eclipse.core.internal.localstore.SafeChunkyInputStream::read (71 bytes)
Event: 3.018 Thread 0x000002274e8f69c0 nmethod 2059 0x00000227389ce110 code [0x00000227389ce300, 0x00000227389ce7b8]
Event: 3.018 Thread 0x000002274e8f69c0 2060       3       java.lang.invoke.LambdaFormEditor$TransformKey::inRange (36 bytes)
Event: 3.019 Thread 0x000002274e8f69c0 nmethod 2060 0x00000227389ce990 code [0x00000227389ceb20, 0x00000227389cec78]
Event: 3.036 Thread 0x000002274e8f69c0 2061       3       java.util.ArrayDeque::contains (80 bytes)
Event: 3.036 Thread 0x000002274e8f69c0 nmethod 2061 0x00000227389ced10 code [0x00000227389ceee0, 0x00000227389cf388]
Event: 3.040 Thread 0x000002274e8f69c0 2062       3       sun.invoke.util.Wrapper::isSubwordOrInt (20 bytes)
Event: 3.040 Thread 0x000002274e8f69c0 nmethod 2062 0x00000227389cf590 code [0x00000227389cf740, 0x00000227389cfb58]
Event: 3.040 Thread 0x000002274e8f69c0 2065       3       java.lang.invoke.LambdaForm::useCount (61 bytes)

GC Heap History (6 events):
Event: 1.728 GC heap before
{Heap before GC invocations=1 (full 0):
 PSYoungGen      total 29696K, used 25600K [0x00000000eab00000, 0x00000000ecc00000, 0x0000000100000000)
  eden space 25600K, 100% used [0x00000000eab00000,0x00000000ec400000,0x00000000ec400000)
  from space 4096K, 0% used [0x00000000ec800000,0x00000000ec800000,0x00000000ecc00000)
  to   space 4096K, 0% used [0x00000000ec400000,0x00000000ec400000,0x00000000ec800000)
 ParOldGen       total 68608K, used 0K [0x00000000c0000000, 0x00000000c4300000, 0x00000000eab00000)
  object space 68608K, 0% used [0x00000000c0000000,0x00000000c0000000,0x00000000c4300000)
 Metaspace       used 11000K, committed 11200K, reserved 1114112K
  class space    used 1096K, committed 1216K, reserved 1048576K
}
Event: 1.735 GC heap after
{Heap after GC invocations=1 (full 0):
 PSYoungGen      total 29696K, used 3174K [0x00000000eab00000, 0x00000000ecc00000, 0x0000000100000000)
  eden space 25600K, 0% used [0x00000000eab00000,0x00000000eab00000,0x00000000ec400000)
  from space 4096K, 77% used [0x00000000ec400000,0x00000000ec719878,0x00000000ec800000)
  to   space 4096K, 0% used [0x00000000ec800000,0x00000000ec800000,0x00000000ecc00000)
 ParOldGen       total 68608K, used 16K [0x00000000c0000000, 0x00000000c4300000, 0x00000000eab00000)
  object space 68608K, 0% used [0x00000000c0000000,0x00000000c0004000,0x00000000c4300000)
 Metaspace       used 11000K, committed 11200K, reserved 1114112K
  class space    used 1096K, committed 1216K, reserved 1048576K
}
Event: 2.455 GC heap before
{Heap before GC invocations=2 (full 0):
 PSYoungGen      total 29696K, used 28774K [0x00000000eab00000, 0x00000000ecc00000, 0x0000000100000000)
  eden space 25600K, 100% used [0x00000000eab00000,0x00000000ec400000,0x00000000ec400000)
  from space 4096K, 77% used [0x00000000ec400000,0x00000000ec719878,0x00000000ec800000)
  to   space 4096K, 0% used [0x00000000ec800000,0x00000000ec800000,0x00000000ecc00000)
 ParOldGen       total 68608K, used 16K [0x00000000c0000000, 0x00000000c4300000, 0x00000000eab00000)
  object space 68608K, 0% used [0x00000000c0000000,0x00000000c0004000,0x00000000c4300000)
 Metaspace       used 14845K, committed 15104K, reserved 1114112K
  class space    used 1504K, committed 1664K, reserved 1048576K
}
Event: 2.461 GC heap after
{Heap after GC invocations=2 (full 0):
 PSYoungGen      total 29696K, used 4073K [0x00000000eab00000, 0x00000000ecc00000, 0x0000000100000000)
  eden space 25600K, 0% used [0x00000000eab00000,0x00000000eab00000,0x00000000ec400000)
  from space 4096K, 99% used [0x00000000ec800000,0x00000000ecbfa788,0x00000000ecc00000)
  to   space 4096K, 0% used [0x00000000ec400000,0x00000000ec400000,0x00000000ec800000)
 ParOldGen       total 68608K, used 746K [0x00000000c0000000, 0x00000000c4300000, 0x00000000eab00000)
  object space 68608K, 1% used [0x00000000c0000000,0x00000000c00bab60,0x00000000c4300000)
 Metaspace       used 14845K, committed 15104K, reserved 1114112K
  class space    used 1504K, committed 1664K, reserved 1048576K
}
Event: 2.985 GC heap before
{Heap before GC invocations=3 (full 0):
 PSYoungGen      total 29696K, used 29673K [0x00000000eab00000, 0x00000000ecc00000, 0x0000000100000000)
  eden space 25600K, 100% used [0x00000000eab00000,0x00000000ec400000,0x00000000ec400000)
  from space 4096K, 99% used [0x00000000ec800000,0x00000000ecbfa788,0x00000000ecc00000)
  to   space 4096K, 0% used [0x00000000ec400000,0x00000000ec400000,0x00000000ec800000)
 ParOldGen       total 68608K, used 746K [0x00000000c0000000, 0x00000000c4300000, 0x00000000eab00000)
  object space 68608K, 1% used [0x00000000c0000000,0x00000000c00bab60,0x00000000c4300000)
 Metaspace       used 19823K, committed 20160K, reserved 1114112K
  class space    used 2024K, committed 2176K, reserved 1048576K
}
Event: 2.990 GC heap after
{Heap after GC invocations=3 (full 0):
 PSYoungGen      total 29696K, used 4083K [0x00000000eab00000, 0x00000000ecc00000, 0x0000000100000000)
  eden space 25600K, 0% used [0x00000000eab00000,0x00000000eab00000,0x00000000ec400000)
  from space 4096K, 99% used [0x00000000ec400000,0x00000000ec7fcf38,0x00000000ec800000)
  to   space 4096K, 0% used [0x00000000ec800000,0x00000000ec800000,0x00000000ecc00000)
 ParOldGen       total 68608K, used 2398K [0x00000000c0000000, 0x00000000c4300000, 0x00000000eab00000)
  object space 68608K, 3% used [0x00000000c0000000,0x00000000c0257bc0,0x00000000c4300000)
 Metaspace       used 19823K, committed 20160K, reserved 1114112K
  class space    used 2024K, committed 2176K, reserved 1048576K
}

Dll operation events (9 events):
Event: 0.020 Loaded shared library c:\Users\User\.vscode\extensions\redhat.java-1.29.0-win32-x64\jre\17.0.10-win32-x86_64\bin\java.dll
Event: 0.425 Loaded shared library c:\Users\User\.vscode\extensions\redhat.java-1.29.0-win32-x64\jre\17.0.10-win32-x86_64\bin\zip.dll
Event: 0.429 Loaded shared library C:\Users\User\.vscode\extensions\redhat.java-1.29.0-win32-x64\jre\17.0.10-win32-x86_64\bin\instrument.dll
Event: 0.462 Loaded shared library C:\Users\User\.vscode\extensions\redhat.java-1.29.0-win32-x64\jre\17.0.10-win32-x86_64\bin\net.dll
Event: 0.466 Loaded shared library C:\Users\User\.vscode\extensions\redhat.java-1.29.0-win32-x64\jre\17.0.10-win32-x86_64\bin\nio.dll
Event: 0.480 Loaded shared library C:\Users\User\.vscode\extensions\redhat.java-1.29.0-win32-x64\jre\17.0.10-win32-x86_64\bin\zip.dll
Event: 0.505 Loaded shared library C:\Users\User\.vscode\extensions\redhat.java-1.29.0-win32-x64\jre\17.0.10-win32-x86_64\bin\jimage.dll
Event: 0.627 Loaded shared library c:\Users\User\.vscode\extensions\redhat.java-1.29.0-win32-x64\jre\17.0.10-win32-x86_64\bin\verify.dll
Event: 2.330 Loaded shared library C:\Users\User\AppData\Roaming\Code\User\globalStorage\redhat.java\1.29.0\config_ss_win\org.eclipse.equinox.launcher\org.eclipse.equinox.launcher.win32.win32.x86_64_1.2.900.v20240213-1244\eclipse_11900.dll

Deoptimization events (20 events):
Event: 2.740 Thread 0x00000227504f0960 Uncommon trap: trap_request=0xffffffc6 fr.pc=0x000002274017b4bc relative=0x0000000000000d7c
Event: 2.740 Thread 0x00000227504f0960 Uncommon trap: reason=bimorphic_or_optimized_type_check action=maybe_recompile pc=0x000002274017b4bc method=java.io.DataInputStream.readInt()I @ 6 c2
Event: 2.740 Thread 0x00000227504f0960 DEOPT PACKING pc=0x000002274017b4bc sp=0x000000f1200f8630
Event: 2.740 Thread 0x00000227504f0960 DEOPT UNPACKING pc=0x000002273fb766a3 sp=0x000000f1200f85e8 mode 2
Event: 2.740 Thread 0x00000227504f0960 Uncommon trap: trap_request=0xffffffc6 fr.pc=0x000002274017b4bc relative=0x0000000000000d7c
Event: 2.740 Thread 0x00000227504f0960 Uncommon trap: reason=bimorphic_or_optimized_type_check action=maybe_recompile pc=0x000002274017b4bc method=java.io.DataInputStream.readInt()I @ 6 c2
Event: 2.740 Thread 0x00000227504f0960 DEOPT PACKING pc=0x000002274017b4bc sp=0x000000f1200f8630
Event: 2.740 Thread 0x00000227504f0960 DEOPT UNPACKING pc=0x000002273fb766a3 sp=0x000000f1200f85e8 mode 2
Event: 2.740 Thread 0x00000227504f0960 Uncommon trap: trap_request=0xffffffc6 fr.pc=0x000002274017b4bc relative=0x0000000000000d7c
Event: 2.740 Thread 0x00000227504f0960 Uncommon trap: reason=bimorphic_or_optimized_type_check action=maybe_recompile pc=0x000002274017b4bc method=java.io.DataInputStream.readInt()I @ 6 c2
Event: 2.740 Thread 0x00000227504f0960 DEOPT PACKING pc=0x000002274017b4bc sp=0x000000f1200f86a0
Event: 2.740 Thread 0x00000227504f0960 DEOPT UNPACKING pc=0x000002273fb766a3 sp=0x000000f1200f8658 mode 2
Event: 2.846 Thread 0x00000227504f0960 Uncommon trap: trap_request=0xffffff45 fr.pc=0x00000227400fc88c relative=0x0000000000000e6c
Event: 2.846 Thread 0x00000227504f0960 Uncommon trap: reason=unstable_if action=reinterpret pc=0x00000227400fc88c method=lombok.patcher.PatchScript.classMatches(Ljava/lang/String;Ljava/util/Collection;)Z @ 25 c2
Event: 2.846 Thread 0x00000227504f0960 DEOPT PACKING pc=0x00000227400fc88c sp=0x000000f1200f6cb0
Event: 2.846 Thread 0x00000227504f0960 DEOPT UNPACKING pc=0x000002273fb766a3 sp=0x000000f1200f6c70 mode 2
Event: 2.946 Thread 0x00000227504f0960 Uncommon trap: trap_request=0xffffff45 fr.pc=0x000002274018ada4 relative=0x0000000000000f04
Event: 2.946 Thread 0x00000227504f0960 Uncommon trap: reason=unstable_if action=reinterpret pc=0x000002274018ada4 method=java.util.Properties.loadConvert([CIILjava/lang/StringBuilder;)Ljava/lang/String; @ 491 c2
Event: 2.946 Thread 0x00000227504f0960 DEOPT PACKING pc=0x000002274018ada4 sp=0x000000f1200f7920
Event: 2.946 Thread 0x00000227504f0960 DEOPT UNPACKING pc=0x000002273fb766a3 sp=0x000000f1200f7900 mode 2

Classes unloaded (0 events):
No events

Classes redefined (0 events):
No events

Internal exceptions (20 events):
Event: 2.327 Thread 0x000002273595ffc0 Exception <a 'java/lang/UnsatisfiedLinkError'{0x00000000ebe7aea8}: 'void org.eclipse.equinox.launcher.JNIBridge._update_splash()'> (0x00000000ebe7aea8) 
thrown [s\src\hotspot\share\prims\nativeLookup.cpp, line 543]
Event: 2.376 Thread 0x00000227504f0960 Exception <a 'java/lang/NoSuchMethodError'{0x00000000ec14ad18}: 'java.lang.Object java.lang.invoke.DirectMethodHandle$Holder.invokeStaticInit(java.lang.Object)'> (0x00000000ec14ad18) 
thrown [s\src\hotspot\share\interpreter\linkResolver.cpp, line 759]
Event: 2.424 Thread 0x00000227504f0960 Exception <a 'java/lang/NullPointerException'{0x00000000ec28ce50}> (0x00000000ec28ce50) 
thrown [s\src\hotspot\share\interpreter\linkResolver.cpp, line 1350]
Event: 2.424 Thread 0x00000227504f0960 Exception <a 'java/lang/NullPointerException'{0x00000000ec28d128}> (0x00000000ec28d128) 
thrown [s\src\hotspot\share\interpreter\linkResolver.cpp, line 1350]
Event: 2.611 Thread 0x00000227504f0960 Exception <a 'java/io/FileNotFoundException'{0x00000000eb5322f0}> (0x00000000eb5322f0) 
thrown [s\src\hotspot\share\prims\jni.cpp, line 516]
Event: 2.661 Thread 0x00000227504f0960 Exception <a 'java/lang/NoSuchMethodError'{0x00000000eb6d1b60}: 'java.lang.Object java.lang.invoke.Invokers$Holder.invokeExact_MT(java.lang.Object, java.lang.Object, java.lang.Object, java.lang.Object, java.lang.Object, java.lang.Object)'> (0x00000000eb6d1b60) 
thrown [s\src\hotspot\share\interpreter\linkResolver.cpp, line 759]
Event: 2.693 Thread 0x00000227504f0960 Exception <a 'java/lang/NoSuchMethodError'{0x00000000eb7f5798}: 'java.lang.Object java.lang.invoke.Invokers$Holder.linkToTargetMethod(java.lang.Object, long, java.lang.Object)'> (0x00000000eb7f5798) 
thrown [s\src\hotspot\share\interpreter\linkResolver.cpp, line 759]
Event: 2.772 Thread 0x00000227504f0960 Exception <a 'java/lang/NoSuchMethodError'{0x00000000ebb974e0}: 'void java.lang.invoke.DirectMethodHandle$Holder.invokeInterface(java.lang.Object, java.lang.Object, java.lang.Object)'> (0x00000000ebb974e0) 
thrown [s\src\hotspot\share\interpreter\linkResolver.cpp, line 759]
Event: 2.839 Thread 0x00000227504f0960 Exception <a 'java/lang/NoSuchMethodError'{0x00000000ebec9070}: 'void java.lang.invoke.DirectMethodHandle$Holder.invokeVirtual(java.lang.Object, java.lang.Object)'> (0x00000000ebec9070) 
thrown [s\src\hotspot\share\interpreter\linkResolver.cpp, line 759]
Event: 2.866 Thread 0x00000227504f0960 Exception <a 'java/lang/NoSuchMethodError'{0x00000000ebfdddc0}: 'java.lang.Object java.lang.invoke.DirectMethodHandle$Holder.invokeStatic(java.lang.Object, java.lang.Object, int)'> (0x00000000ebfdddc0) 
thrown [s\src\hotspot\share\interpreter\linkResolver.cpp, line 759]
Event: 2.873 Thread 0x00000227504f0960 Exception <a 'java/lang/NoSuchMethodError'{0x00000000ebfe2970}: 'void java.lang.invoke.DirectMethodHandle$Holder.invokeStatic(java.lang.Object, java.lang.Object, int, java.lang.Object)'> (0x00000000ebfe2970) 
thrown [s\src\hotspot\share\interpreter\linkResolver.cpp, line 759]
Event: 2.874 Thread 0x00000227504f0960 Exception <a 'java/lang/NoSuchMethodError'{0x00000000ebfea0a0}: 'void java.lang.invoke.DelegatingMethodHandle$Holder.delegate(java.lang.Object, java.lang.Object, int, java.lang.Object)'> (0x00000000ebfea0a0) 
thrown [s\src\hotspot\share\interpreter\linkResolver.cpp, line 759]
Event: 2.876 Thread 0x00000227504f0960 Exception <a 'java/lang/NoSuchMethodError'{0x00000000ebfee488}: 'int java.lang.invoke.DirectMethodHandle$Holder.invokeSpecial(java.lang.Object, java.lang.Object, java.lang.Object)'> (0x00000000ebfee488) 
thrown [s\src\hotspot\share\interpreter\linkResolver.cpp, line 759]
Event: 2.878 Thread 0x00000227504f0960 Exception <a 'java/lang/NoSuchMethodError'{0x00000000ec0004c8}: 'int java.lang.invoke.DirectMethodHandle$Holder.invokeStatic(java.lang.Object, java.lang.Object, int)'> (0x00000000ec0004c8) 
thrown [s\src\hotspot\share\interpreter\linkResolver.cpp, line 759]
Event: 2.879 Thread 0x00000227504f0960 Exception <a 'java/lang/NoSuchMethodError'{0x00000000ec0044f0}: 'int java.lang.invoke.DirectMethodHandle$Holder.invokeSpecial(java.lang.Object, java.lang.Object, java.lang.Object, int)'> (0x00000000ec0044f0) 
thrown [s\src\hotspot\share\interpreter\linkResolver.cpp, line 759]
Event: 2.881 Thread 0x00000227504f0960 Exception <a 'java/lang/NoSuchMethodError'{0x00000000ec0209e0}: 'java.lang.Object java.lang.invoke.DirectMethodHandle$Holder.invokeStatic(java.lang.Object, java.lang.Object, java.lang.Object, java.lang.Object, int)'> (0x00000000ec0209e0) 
thrown [s\src\hotspot\share\interpreter\linkResolver.cpp, line 759]
Event: 2.883 Thread 0x00000227504f0960 Exception <a 'java/lang/NoSuchMethodError'{0x00000000ec02cc20}: 'java.lang.Object java.lang.invoke.DelegatingMethodHandle$Holder.reinvoke_L(java.lang.Object, java.lang.Object, java.lang.Object, java.lang.Object, int, int)'> (0x00000000ec02cc20) 
thrown [s\src\hotspot\share\interpreter\linkResolver.cpp, line 759]
Event: 2.885 Thread 0x00000227504f0960 Exception <a 'java/lang/NoSuchMethodError'{0x00000000ec041518}: 'java.lang.Object java.lang.invoke.Invokers$Holder.invokeExact_MT(java.lang.Object, java.lang.Object, java.lang.Object, java.lang.Object)'> (0x00000000ec041518) 
thrown [s\src\hotspot\share\interpreter\linkResolver.cpp, line 759]
Event: 2.963 Thread 0x00000227504f0960 Exception <a 'java/io/FileNotFoundException'{0x00000000ec2cf980}> (0x00000000ec2cf980) 
thrown [s\src\hotspot\share\prims\jni.cpp, line 516]
Event: 2.964 Thread 0x00000227504f0960 Exception <a 'java/io/FileNotFoundException'{0x00000000ec2d6ea0}> (0x00000000ec2d6ea0) 
thrown [s\src\hotspot\share\prims\jni.cpp, line 516]

VM Operations (20 events):
Event: 1.728 Executing VM operation: ParallelGCFailedAllocation
Event: 1.735 Executing VM operation: ParallelGCFailedAllocation done
Event: 2.126 Executing VM operation: HandshakeAllThreads
Event: 2.126 Executing VM operation: HandshakeAllThreads done
Event: 2.127 Executing VM operation: HandshakeAllThreads
Event: 2.127 Executing VM operation: HandshakeAllThreads done
Event: 2.136 Executing VM operation: HandshakeAllThreads
Event: 2.136 Executing VM operation: HandshakeAllThreads done
Event: 2.160 Executing VM operation: HandshakeAllThreads
Event: 2.160 Executing VM operation: HandshakeAllThreads done
Event: 2.420 Executing VM operation: HandshakeAllThreads
Event: 2.420 Executing VM operation: HandshakeAllThreads done
Event: 2.455 Executing VM operation: ParallelGCFailedAllocation
Event: 2.461 Executing VM operation: ParallelGCFailedAllocation done
Event: 2.740 Executing VM operation: HandshakeAllThreads
Event: 2.740 Executing VM operation: HandshakeAllThreads done
Event: 2.865 Executing VM operation: HandshakeAllThreads
Event: 2.865 Executing VM operation: HandshakeAllThreads done
Event: 2.985 Executing VM operation: ParallelGCFailedAllocation
Event: 2.990 Executing VM operation: ParallelGCFailedAllocation done

Events (20 events):
Event: 2.944 loading class java/lang/IllegalCallerException
Event: 2.944 loading class java/lang/IllegalCallerException done
Event: 2.956 loading class java/util/function/IntFunction
Event: 2.956 loading class java/util/function/IntFunction done
Event: 2.978 loading class java/util/stream/SortedOps
Event: 2.978 loading class java/util/stream/SortedOps done
Event: 2.978 loading class java/util/stream/SortedOps$OfRef
Event: 2.978 loading class java/util/stream/ReferencePipeline$StatefulOp
Event: 2.978 loading class java/util/stream/ReferencePipeline$StatefulOp done
Event: 2.978 loading class java/util/stream/SortedOps$OfRef done
Event: 2.978 loading class java/util/stream/SortedOps$RefSortingSink
Event: 2.979 loading class java/util/stream/SortedOps$AbstractRefSortingSink
Event: 2.979 loading class java/util/stream/SortedOps$AbstractRefSortingSink done
Event: 2.979 loading class java/util/stream/SortedOps$RefSortingSink done
Event: 3.000 loading class java/util/concurrent/ExecutionException
Event: 3.000 loading class java/util/concurrent/ExecutionException done
Event: 3.002 loading class java/util/zip/ZipOutputStream
Event: 3.002 loading class java/util/zip/DeflaterOutputStream
Event: 3.003 loading class java/util/zip/DeflaterOutputStream done
Event: 3.003 loading class java/util/zip/ZipOutputStream done


Dynamic libraries:
0x00007ff7a49e0000 - 0x00007ff7a49ee000 	c:\Users\User\.vscode\extensions\redhat.java-1.29.0-win32-x64\jre\17.0.10-win32-x86_64\bin\java.exe
0x00007ff8af9f0000 - 0x00007ff8afc06000 	C:\WINDOWS\SYSTEM32\ntdll.dll
0x00007ff8adfd0000 - 0x00007ff8ae094000 	C:\WINDOWS\System32\KERNEL32.DLL
0x00007ff8acfc0000 - 0x00007ff8ad367000 	C:\WINDOWS\System32\KERNELBASE.dll
0x00007ff8acd10000 - 0x00007ff8ace21000 	C:\WINDOWS\System32\ucrtbase.dll
0x00007ff8834a0000 - 0x00007ff8834b7000 	c:\Users\User\.vscode\extensions\redhat.java-1.29.0-win32-x64\jre\17.0.10-win32-x86_64\bin\jli.dll
0x00007ff8af800000 - 0x00007ff8af9ae000 	C:\WINDOWS\System32\USER32.dll
0x00007ff8ad4c0000 - 0x00007ff8ad4e6000 	C:\WINDOWS\System32\win32u.dll
0x00007ff8add90000 - 0x00007ff8addb9000 	C:\WINDOWS\System32\GDI32.dll
0x00007ff8ad3a0000 - 0x00007ff8ad4b9000 	C:\WINDOWS\System32\gdi32full.dll
0x00007ff8acf20000 - 0x00007ff8acfba000 	C:\WINDOWS\System32\msvcp_win.dll
0x00007ff882860000 - 0x00007ff88287b000 	c:\Users\User\.vscode\extensions\redhat.java-1.29.0-win32-x64\jre\17.0.10-win32-x86_64\bin\VCRUNTIME140.dll
0x00007ff89fb70000 - 0x00007ff89fe03000 	C:\WINDOWS\WinSxS\amd64_microsoft.windows.common-controls_6595b64144ccf1df_6.0.22621.3235_none_270f74e173860f98\COMCTL32.dll
0x00007ff8ae7b0000 - 0x00007ff8ae857000 	C:\WINDOWS\System32\msvcrt.dll
0x00007ff8aea30000 - 0x00007ff8aea61000 	C:\WINDOWS\System32\IMM32.DLL
0x00007ff8a7230000 - 0x00007ff8a723c000 	c:\Users\User\.vscode\extensions\redhat.java-1.29.0-win32-x64\jre\17.0.10-win32-x86_64\bin\vcruntime140_1.dll
0x00007ff85b200000 - 0x00007ff85b28d000 	c:\Users\User\.vscode\extensions\redhat.java-1.29.0-win32-x64\jre\17.0.10-win32-x86_64\bin\msvcp140.dll
0x00007ff808bc0000 - 0x00007ff809822000 	c:\Users\User\.vscode\extensions\redhat.java-1.29.0-win32-x64\jre\17.0.10-win32-x86_64\bin\server\jvm.dll
0x00007ff8ae6f0000 - 0x00007ff8ae7a2000 	C:\WINDOWS\System32\ADVAPI32.dll
0x00007ff8ade80000 - 0x00007ff8adf28000 	C:\WINDOWS\System32\sechost.dll
0x00007ff8ad370000 - 0x00007ff8ad398000 	C:\WINDOWS\System32\bcrypt.dll
0x00007ff8adc40000 - 0x00007ff8add55000 	C:\WINDOWS\System32\RPCRT4.dll
0x00007ff8abf40000 - 0x00007ff8abf8d000 	C:\WINDOWS\SYSTEM32\POWRPROF.dll
0x00007ff89e850000 - 0x00007ff89e859000 	C:\WINDOWS\SYSTEM32\WSOCK32.dll
0x00007ff8af780000 - 0x00007ff8af7f1000 	C:\WINDOWS\System32\WS2_32.dll
0x00007ff8a7020000 - 0x00007ff8a7054000 	C:\WINDOWS\SYSTEM32\WINMM.dll
0x00007ff8a6770000 - 0x00007ff8a677a000 	C:\WINDOWS\SYSTEM32\VERSION.dll
0x00007ff8abe30000 - 0x00007ff8abe43000 	C:\WINDOWS\SYSTEM32\UMPDC.dll
0x00007ff8abdc0000 - 0x00007ff8abdd8000 	C:\WINDOWS\SYSTEM32\kernel.appcore.dll
0x00007ff8a7160000 - 0x00007ff8a716a000 	c:\Users\User\.vscode\extensions\redhat.java-1.29.0-win32-x64\jre\17.0.10-win32-x86_64\bin\jimage.dll
0x00007ff8a3460000 - 0x00007ff8a3693000 	C:\WINDOWS\SYSTEM32\DBGHELP.DLL
0x00007ff8ad800000 - 0x00007ff8adb88000 	C:\WINDOWS\System32\combase.dll
0x00007ff8ad720000 - 0x00007ff8ad7f7000 	C:\WINDOWS\System32\OLEAUT32.dll
0x00007ff8a3350000 - 0x00007ff8a3382000 	C:\WINDOWS\SYSTEM32\dbgcore.DLL
0x00007ff8ace30000 - 0x00007ff8acea9000 	C:\WINDOWS\System32\bcryptPrimitives.dll
0x00007ff89dd40000 - 0x00007ff89dd4e000 	c:\Users\User\.vscode\extensions\redhat.java-1.29.0-win32-x64\jre\17.0.10-win32-x86_64\bin\instrument.dll
0x00007ff87bf40000 - 0x00007ff87bf65000 	c:\Users\User\.vscode\extensions\redhat.java-1.29.0-win32-x64\jre\17.0.10-win32-x86_64\bin\java.dll
0x00007ff880f50000 - 0x00007ff880f68000 	c:\Users\User\.vscode\extensions\redhat.java-1.29.0-win32-x64\jre\17.0.10-win32-x86_64\bin\zip.dll
0x00007ff8aeb70000 - 0x00007ff8af3cc000 	C:\WINDOWS\System32\SHELL32.dll
0x00007ff8aac70000 - 0x00007ff8ab569000 	C:\WINDOWS\SYSTEM32\windows.storage.dll
0x00007ff8aab30000 - 0x00007ff8aac6e000 	C:\WINDOWS\SYSTEM32\wintypes.dll
0x00007ff8af600000 - 0x00007ff8af6f3000 	C:\WINDOWS\System32\SHCORE.dll
0x00007ff8adb90000 - 0x00007ff8adbee000 	C:\WINDOWS\System32\shlwapi.dll
0x00007ff8acc40000 - 0x00007ff8acc61000 	C:\WINDOWS\SYSTEM32\profapi.dll
0x00007ff87d4d0000 - 0x00007ff87d4e9000 	C:\Users\User\.vscode\extensions\redhat.java-1.29.0-win32-x64\jre\17.0.10-win32-x86_64\bin\net.dll
0x00007ff8a76d0000 - 0x00007ff8a7806000 	C:\WINDOWS\SYSTEM32\WINHTTP.dll
0x00007ff8ac2b0000 - 0x00007ff8ac319000 	C:\WINDOWS\system32\mswsock.dll
0x00007ff87bec0000 - 0x00007ff87bed6000 	C:\Users\User\.vscode\extensions\redhat.java-1.29.0-win32-x64\jre\17.0.10-win32-x86_64\bin\nio.dll
0x00007ff895280000 - 0x00007ff895290000 	c:\Users\User\.vscode\extensions\redhat.java-1.29.0-win32-x64\jre\17.0.10-win32-x86_64\bin\verify.dll
0x00007ff866550000 - 0x00007ff86658e000 	C:\Users\User\AppData\Roaming\Code\User\globalStorage\redhat.java\1.29.0\config_ss_win\org.eclipse.equinox.launcher\org.eclipse.equinox.launcher.win32.win32.x86_64_1.2.900.v20240213-1244\eclipse_11900.dll
0x00007ff8ae860000 - 0x00007ff8aea05000 	C:\WINDOWS\System32\ole32.dll

dbghelp: loaded successfully - version: 4.0.5 - missing functions: none
symbol engine: initialized successfully - sym options: 0x614 - pdb path: .;c:\Users\User\.vscode\extensions\redhat.java-1.29.0-win32-x64\jre\17.0.10-win32-x86_64\bin;C:\WINDOWS\SYSTEM32;C:\WINDOWS\WinSxS\amd64_microsoft.windows.common-controls_6595b64144ccf1df_6.0.22621.3235_none_270f74e173860f98;c:\Users\User\.vscode\extensions\redhat.java-1.29.0-win32-x64\jre\17.0.10-win32-x86_64\bin\server;C:\Users\User\AppData\Roaming\Code\User\globalStorage\redhat.java\1.29.0\config_ss_win\org.eclipse.equinox.launcher\org.eclipse.equinox.launcher.win32.win32.x86_64_1.2.900.v20240213-1244

VM Arguments:
jvm_args: --add-modules=ALL-SYSTEM --add-opens=java.base/java.util=ALL-UNNAMED --add-opens=java.base/java.lang=ALL-UNNAMED --add-opens=java.base/sun.nio.fs=ALL-UNNAMED -Declipse.application=org.eclipse.jdt.ls.core.id1 -Dosgi.bundles.defaultStartLevel=4 -Declipse.product=org.eclipse.jdt.ls.core.product -Djava.import.generatesMetadataFilesAtProjectRoot=false -DDetectVMInstallationsJob.disabled=true -Dfile.encoding=utf8 -XX:+UseParallelGC -XX:GCTimeRatio=4 -XX:AdaptiveSizePolicyWeight=90 -Dsun.zip.disableMemoryMapping=true -Xmx1G -Xms100m -Xlog:disable -javaagent:c:\Users\User\.vscode\extensions\redhat.java-1.29.0-win32-x64\lombok\lombok-1.18.32.jar 
java_command: c:\Users\User\.vscode\extensions\redhat.java-1.29.0-win32-x64\server\plugins\org.eclipse.equinox.launcher_1.6.800.v20240304-1850.jar -configuration c:\Users\User\AppData\Roaming\Code\User\globalStorage\redhat.java\1.29.0\config_ss_win -data c:\Users\User\AppData\Roaming\Code\User\workspaceStorage\dea491b692d6196ce15c98e8bacdc62e\redhat.java\ss_ws --stdio
java_class_path (initial): c:\Users\User\.vscode\extensions\redhat.java-1.29.0-win32-x64\server\plugins\org.eclipse.equinox.launcher_1.6.800.v20240304-1850.jar
Launcher Type: SUN_STANDARD

[Global flags]
    uintx AdaptiveSizePolicyWeight                 = 90                                        {product} {command line}
     intx CICompilerCount                          = 4                                         {product} {ergonomic}
    uintx GCTimeRatio                              = 4                                         {product} {command line}
   size_t InitialHeapSize                          = 104857600                                 {product} {command line}
   size_t MaxHeapSize                              = 1073741824                                {product} {command line}
   size_t MaxNewSize                               = 357564416                                 {product} {ergonomic}
   size_t MinHeapDeltaBytes                        = 524288                                    {product} {ergonomic}
   size_t MinHeapSize                              = 104857600                                 {product} {command line}
   size_t NewSize                                  = 34603008                                  {product} {ergonomic}
    uintx NonNMethodCodeHeapSize                   = 5839372                                {pd product} {ergonomic}
    uintx NonProfiledCodeHeapSize                  = 122909434                              {pd product} {ergonomic}
   size_t OldSize                                  = 70254592                                  {product} {ergonomic}
    uintx ProfiledCodeHeapSize                     = 122909434                              {pd product} {ergonomic}
    uintx ReservedCodeCacheSize                    = 251658240                              {pd product} {ergonomic}
     bool SegmentedCodeCache                       = true                                      {product} {ergonomic}
   size_t SoftMaxHeapSize                          = 1073741824                             {manageable} {ergonomic}
     bool UseCompressedClassPointers               = true                           {product lp64_product} {ergonomic}
     bool UseCompressedOops                        = true                           {product lp64_product} {ergonomic}
     bool UseLargePagesIndividualAllocation        = false                                  {pd product} {ergonomic}
     bool UseParallelGC                            = true                                      {product} {command line}

Logging:
Log output configuration:
 #0: stdout all=off uptime,level,tags
 #1: stderr all=off uptime,level,tags

Environment Variables:
JAVA_HOME=C:\Program Files\Java\jdk-19
PATH=C:\Program Files\Microsoft\jdk-11.0.16.101-hotspot\bin;C:\oraclexe\app\oracle\product\11.2.0\server\bin;C:\Program Files\Common Files\Oracle\Java\javapath;C:\Program Files (x86)\Common Files\Oracle\Java\javapath;C:\Windows\system32;C:\Windows;C:\Windows\System32\Wbem;C:\Windows\System32\WindowsPowerShell\v1.0\;C:\Windows\System32\OpenSSH\;C:\Program Files (x86)\NVIDIA Corporation\PhysX\Common;C:\Program Files\NVIDIA Corporation\NVIDIA NvDLISR;C:\WINDOWS\system32;C:\WINDOWS;C:\WINDOWS\System32\Wbem;C:\WINDOWS\System32\WindowsPowerShell\v1.0\;C:\WINDOWS\System32\OpenSSH\;C:\Program Files\Java\jdk-19\bin;C:\apache-tomcat-10.0.23\bin;C:\Program Files\Git\cmd;C:\Program Files\dotnet\;C:\Program Files (x86)\Windows Kits\10\Windows Performance Toolkit\;C:\Users\User\AppData\Local\Microsoft\WindowsApps;C:\Users\User\Downloads\application setup\Microsoft VS Code\bin;C:\Program Files\heroku\bin;C:\Program Files\PostgreSQL\15\bin;C:\flutter\bin;C:\Users\User\.dotnet\tools;C:\Program Files\Java\jdk-19\bin;
USERNAME=User
OS=Windows_NT
PROCESSOR_IDENTIFIER=AMD64 Family 23 Model 24 Stepping 1, AuthenticAMD
TMP=C:\Users\User\AppData\Local\Temp
TEMP=C:\Users\User\AppData\Local\Temp



Periodic native trim disabled


---------------  S Y S T E M  ---------------

OS:
 Windows 11 , 64 bit Build 22621 (10.0.22621.3374)
OS uptime: 14 days 19:36 hours

CPU: total 8 (initial active 8) (8 cores per cpu, 2 threads per core) family 23 model 24 stepping 1 microcode 0x0, cx8, cmov, fxsr, ht, mmx, 3dnowpref, sse, sse2, sse3, ssse3, sse4a, sse4.1, sse4.2, popcnt, lzcnt, tsc, tscinvbit, avx, avx2, aes, clmul, bmi1, bmi2, adx, sha, fma, vzeroupper, clflush, clflushopt
Processor Information for all 8 processors :
  Max Mhz: 2300, Current Mhz: 2300, Mhz Limit: 2300

Memory: 4k page, system-wide physical 11713M (1272M free)
TotalPageFile size 48577M (AvailPageFile size 766M)
current process WorkingSet (physical memory assigned to process): 104M, peak: 104M
current process commit charge ("private bytes"): 217M, peak: 217M

vm_info: OpenJDK 64-Bit Server VM (17.0.10+7) for windows-amd64 JRE (17.0.10+7), built on Jan 16 2024 23:25:11 by "admin" with MS VC++ 16.10 / 16.11 (VS2019)

END.
