#
# There is insufficient memory for the Java Runtime Environment to continue.
# Native memory allocation (malloc) failed to allocate 288496 bytes for Chunk::new
# Possible reasons:
#   The system is out of physical RAM or swap space
#   The process is running with CompressedOops enabled, and the Java Heap may be blocking the growth of the native heap
# Possible solutions:
#   Reduce memory load on the system
#   Increase physical memory or swap space
#   Check if swap backing store is full
#   Decrease Java heap size (-Xmx/-Xms)
#   Decrease number of Java threads
#   Decrease Java thread stack sizes (-Xss)
#   Set larger code cache with -XX:ReservedCodeCacheSize=
#   JVM is running with Unscaled Compressed Oops mode in which the Java heap is
#     placed in the first 4GB address space. The Java Heap base address is the
#     maximum limit for the native heap growth. Please use -XX:HeapBaseMinAddress
#     to set the Java Heap base and to place the Java Heap above 4GB virtual address.
# This output file may be truncated or incomplete.
#
#  Out of Memory Error (arena.cpp:191), pid=12192, tid=38484
#
# JRE version: OpenJDK Runtime Environment Temurin-17.0.10+7 (17.0.10+7) (build 17.0.10+7)
# Java VM: OpenJDK 64-Bit Server VM Temurin-17.0.10+7 (17.0.10+7, mixed mode, tiered, compressed oops, compressed class ptrs, parallel gc, windows-amd64)
# No core dump will be written. Minidumps are not enabled by default on client versions of Windows
#

---------------  S U M M A R Y ------------

Command Line: --add-modules=ALL-SYSTEM --add-opens=java.base/java.util=ALL-UNNAMED --add-opens=java.base/java.lang=ALL-UNNAMED --add-opens=java.base/sun.nio.fs=ALL-UNNAMED -Declipse.application=org.eclipse.jdt.ls.core.id1 -Dosgi.bundles.defaultStartLevel=4 -Declipse.product=org.eclipse.jdt.ls.core.product -Djava.import.generatesMetadataFilesAtProjectRoot=false -DDetectVMInstallationsJob.disabled=true -Dfile.encoding=utf8 -XX:+UseParallelGC -XX:GCTimeRatio=4 -XX:AdaptiveSizePolicyWeight=90 -Dsun.zip.disableMemoryMapping=true -Xmx1G -Xms100m -Xlog:disable -javaagent:c:\Users\User\.vscode\extensions\redhat.java-1.29.0-win32-x64\lombok\lombok-1.18.32.jar c:\Users\User\.vscode\extensions\redhat.java-1.29.0-win32-x64\server\plugins\org.eclipse.equinox.launcher_1.6.800.v20240304-1850.jar -configuration c:\Users\User\AppData\Roaming\Code\User\globalStorage\redhat.java\1.29.0\config_ss_win -data c:\Users\User\AppData\Roaming\Code\User\workspaceStorage\dea491b692d6196ce15c98e8bacdc62e\redhat.java\ss_ws --stdio

Host: AMD Ryzen 7 3750H with Radeon Vega Mobile Gfx  , 8 cores, 11G,  Windows 11 , 64 bit Build 22621 (10.0.22621.3374)
Time: Mon May  6 05:09:41 2024 Malay Peninsula Standard Time elapsed time: 1.165855 seconds (0d 0h 0m 1s)

---------------  T H R E A D  ---------------

Current thread (0x0000022016eaafe0):  JavaThread "C2 CompilerThread1" daemon [_thread_in_native, id=38484, stack(0x00000047cdf00000,0x00000047ce000000)]


Current CompileTask:
C2:   1165  594       4       lombok.patcher.scripts.MethodLevelPatchScript::patch (21 bytes)

Stack: [0x00000047cdf00000,0x00000047ce000000]
Native frames: (J=compiled Java code, j=interpreted, Vv=VM code, C=native code)
V  [jvm.dll+0x67d2c9]
V  [jvm.dll+0x834afa]
V  [jvm.dll+0x8365be]
V  [jvm.dll+0x836c23]
V  [jvm.dll+0x2477ff]
V  [jvm.dll+0xac514]
V  [jvm.dll+0xacb5c]
V  [jvm.dll+0x2aed1f]
V  [jvm.dll+0x584b67]
V  [jvm.dll+0x2228a2]
V  [jvm.dll+0x222c8f]
V  [jvm.dll+0x21bdb6]
V  [jvm.dll+0x219201]
V  [jvm.dll+0x1a502d]
V  [jvm.dll+0x2290de]
V  [jvm.dll+0x2272ac]
V  [jvm.dll+0x7e9bb7]
V  [jvm.dll+0x7e3fba]
V  [jvm.dll+0x67c1b5]
C  [ucrtbase.dll+0x29333]
C  [KERNEL32.DLL+0x1257d]
C  [ntdll.dll+0x5aa48]


---------------  P R O C E S S  ---------------

Threads class SMR info:
_java_thread_list=0x000002207b77b450, length=14, elements={
0x000002207d88f940, 0x000002207fb34440, 0x000002207fb35970, 0x000002207fb3b270,
0x000002207fb3bf00, 0x000002207fb3cc90, 0x000002207fb3e7d0, 0x0000022016d29730,
0x0000022016d8bfb0, 0x0000022016d98c80, 0x000002207d8f38d0, 0x0000022016eaafe0,
0x0000022017070bc0, 0x00000220181fdf00
}

Java Threads: ( => current thread )
  0x000002207d88f940 JavaThread "main" [_thread_in_Java, id=22348, stack(0x00000047cd200000,0x00000047cd300000)]
  0x000002207fb34440 JavaThread "Reference Handler" daemon [_thread_blocked, id=18068, stack(0x00000047cd500000,0x00000047cd600000)]
  0x000002207fb35970 JavaThread "Finalizer" daemon [_thread_blocked, id=35724, stack(0x00000047cd600000,0x00000047cd700000)]
  0x000002207fb3b270 JavaThread "Signal Dispatcher" daemon [_thread_blocked, id=34416, stack(0x00000047cd700000,0x00000047cd800000)]
  0x000002207fb3bf00 JavaThread "Attach Listener" daemon [_thread_blocked, id=11044, stack(0x00000047cd800000,0x00000047cd900000)]
  0x000002207fb3cc90 JavaThread "Service Thread" daemon [_thread_blocked, id=37432, stack(0x00000047cd900000,0x00000047cda00000)]
  0x000002207fb3e7d0 JavaThread "Monitor Deflation Thread" daemon [_thread_blocked, id=21264, stack(0x00000047cda00000,0x00000047cdb00000)]
  0x0000022016d29730 JavaThread "C2 CompilerThread0" daemon [_thread_in_native, id=22940, stack(0x00000047cdb00000,0x00000047cdc00000)]
  0x0000022016d8bfb0 JavaThread "C1 CompilerThread0" daemon [_thread_blocked, id=21204, stack(0x00000047cdc00000,0x00000047cdd00000)]
  0x0000022016d98c80 JavaThread "Sweeper thread" daemon [_thread_blocked, id=12844, stack(0x00000047cdd00000,0x00000047cde00000)]
  0x000002207d8f38d0 JavaThread "Common-Cleaner" daemon [_thread_blocked, id=256, stack(0x00000047cde00000,0x00000047cdf00000)]
=>0x0000022016eaafe0 JavaThread "C2 CompilerThread1" daemon [_thread_in_native, id=38484, stack(0x00000047cdf00000,0x00000047ce000000)]
  0x0000022017070bc0 JavaThread "Notification Thread" daemon [_thread_blocked, id=37444, stack(0x00000047ce000000,0x00000047ce100000)]
  0x00000220181fdf00 JavaThread "C2 CompilerThread2" daemon [_thread_in_native, id=38688, stack(0x00000047ce200000,0x00000047ce300000)]

Other Threads:
  0x0000022016d014b0 VMThread "VM Thread" [stack: 0x00000047cd400000,0x00000047cd500000] [id=13216]
  0x00000220170710a0 WatcherThread [stack: 0x00000047ce100000,0x00000047ce200000] [id=19856]
  0x000002207d8a8600 GCTaskThread "GC Thread#0" [stack: 0x00000047cd300000,0x00000047cd400000] [id=29836]

Threads with active compile tasks:
C2 CompilerThread0     1186  640       4       java.util.zip.ZipCoder$UTF8ZipCoder::checkedHash (91 bytes)
C2 CompilerThread1     1186  594       4       lombok.patcher.scripts.MethodLevelPatchScript::patch (21 bytes)
C2 CompilerThread2     1186  612 %     4       sun.security.provider.SHA2::implCompress0 @ 27 (490 bytes)

VM state: not at safepoint (normal execution)

VM Mutex/Monitor currently owned by a thread: None

Heap address: 0x00000000c0000000, size: 1024 MB, Compressed Oops mode: 32-bit

CDS archive(s) not mapped
Compressed class space mapped at: 0x0000000100000000-0x0000000140000000, reserved size: 1073741824
Narrow klass base: 0x0000000000000000, Narrow klass shift: 3, Narrow klass range: 0x140000000

GC Precious Log:
 CPUs: 8 total, 8 available
 Memory: 11713M
 Large Page Support: Disabled
 NUMA Support: Disabled
 Compressed Oops: Enabled (32-bit)
 Alignments: Space 512K, Generation 512K, Heap 2M
 Heap Min Capacity: 100M
 Heap Initial Capacity: 100M
 Heap Max Capacity: 1G
 Pre-touch: Disabled
 Parallel Workers: 8

Heap:
 PSYoungGen      total 29696K, used 14570K [0x00000000eab00000, 0x00000000ecc00000, 0x0000000100000000)
  eden space 25600K, 56% used [0x00000000eab00000,0x00000000eb93a980,0x00000000ec400000)
  from space 4096K, 0% used [0x00000000ec800000,0x00000000ec800000,0x00000000ecc00000)
  to   space 4096K, 0% used [0x00000000ec400000,0x00000000ec400000,0x00000000ec800000)
 ParOldGen       total 68608K, used 0K [0x00000000c0000000, 0x00000000c4300000, 0x00000000eab00000)
  object space 68608K, 0% used [0x00000000c0000000,0x00000000c0000000,0x00000000c4300000)
 Metaspace       used 9137K, committed 9216K, reserved 1114112K
  class space    used 902K, committed 960K, reserved 1048576K

Card table byte_map: [0x000002207d240000,0x000002207d450000] _byte_map_base: 0x000002207cc40000

Marking Bits: (ParMarkBitMap*) 0x00007ff80975d7d0
 Begin Bits: [0x000002207d940000, 0x000002207e940000)
 End Bits:   [0x000002207e940000, 0x000002207f940000)

Polling page: 0x000002207ba10000

Metaspace:

Usage:
  Non-class:      8.04 MB used.
      Class:    902.52 KB used.
       Both:      8.92 MB used.

Virtual space:
  Non-class space:       64.00 MB reserved,       8.06 MB ( 13%) committed,  1 nodes.
      Class space:        1.00 GB reserved,     960.00 KB ( <1%) committed,  1 nodes.
             Both:        1.06 GB reserved,       9.00 MB ( <1%) committed. 

Chunk freelists:
   Non-Class:  7.94 MB
       Class:  15.08 MB
        Both:  23.02 MB

MaxMetaspaceSize: unlimited
CompressedClassSpaceSize: 1.00 GB
Initial GC threshold: 21.00 MB
Current GC threshold: 21.00 MB
CDS: off
MetaspaceReclaimPolicy: balanced
 - commit_granule_bytes: 65536.
 - commit_granule_words: 8192.
 - virtual_space_node_default_size: 8388608.
 - enlarge_chunks_in_place: 1.
 - new_chunks_are_fully_committed: 0.
 - uncommit_free_chunks: 1.
 - use_allocation_guard: 0.
 - handle_deallocations: 1.


Internal statistics:

num_allocs_failed_limit: 0.
num_arena_births: 10.
num_arena_deaths: 0.
num_vsnodes_births: 2.
num_vsnodes_deaths: 0.
num_space_committed: 144.
num_space_uncommitted: 0.
num_chunks_returned_to_freelist: 0.
num_chunks_taken_from_freelist: 44.
num_chunk_merges: 0.
num_chunk_splits: 26.
num_chunks_enlarged: 25.
num_inconsistent_stats: 0.

CodeHeap 'non-profiled nmethods': size=120000Kb used=246Kb max_used=246Kb free=119753Kb
 bounds [0x000002200a6b0000, 0x000002200a920000, 0x0000022011be0000]
CodeHeap 'profiled nmethods': size=120000Kb used=999Kb max_used=999Kb free=119000Kb
 bounds [0x0000022002be0000, 0x0000022002e50000, 0x000002200a110000]
CodeHeap 'non-nmethods': size=5760Kb used=1132Kb max_used=1165Kb free=4628Kb
 bounds [0x000002200a110000, 0x000002200a380000, 0x000002200a6b0000]
 total_blobs=1059 nmethods=636 adapters=337
 compilation: enabled
              stopped_count=0, restarted_count=0
 full_count=0

Compilation events (20 events):
Event: 1.129 Thread 0x0000022016d8bfb0  604       1       java.security.Provider$Service::getProvider (5 bytes)
Event: 1.129 Thread 0x0000022016d8bfb0 nmethod 604 0x000002200a6e7790 code [0x000002200a6e7920, 0x000002200a6e79f8]
Event: 1.131 Thread 0x0000022016d8bfb0  605       3       sun.security.provider.SHA2::implCompress0 (490 bytes)
Event: 1.132 Thread 0x0000022016d8bfb0 nmethod 605 0x0000022002cbbb10 code [0x0000022002cbbd00, 0x0000022002cbc568]
Event: 1.132 Thread 0x0000022016d8bfb0  606       3       sun.security.provider.ByteArrayAccess::b2iBig64 (231 bytes)
Event: 1.142 Thread 0x0000022016d8bfb0 nmethod 606 0x0000022002cbca10 code [0x0000022002cbd4e0, 0x0000022002cc38b8]
Event: 1.142 Thread 0x0000022016d8bfb0  607       3       sun.security.provider.SHA2::implCompress (13 bytes)
Event: 1.142 Thread 0x00000220181fdf00  597       4       java.util.HashSet::iterator (13 bytes)
Event: 1.142 Thread 0x0000022016d8bfb0 nmethod 607 0x0000022002cc5610 code [0x0000022002cc5800, 0x0000022002cc5c48]
Event: 1.142 Thread 0x0000022016d8bfb0  608       3       sun.security.provider.SHA2::implCompressCheck (27 bytes)
Event: 1.143 Thread 0x0000022016d8bfb0 nmethod 608 0x0000022002cc5e10 code [0x0000022002cc5fe0, 0x0000022002cc6398]
Event: 1.146 Thread 0x0000022016d8bfb0  615       3       java.lang.ClassLoader::findLoadedClass (15 bytes)
Event: 1.146 Thread 0x0000022016d8bfb0 nmethod 615 0x0000022002cc6510 code [0x0000022002cc66c0, 0x0000022002cc68b8]
Event: 1.153 Thread 0x0000022016d8bfb0  617       1       java.lang.Module::getDescriptor (5 bytes)
Event: 1.153 Thread 0x0000022016d8bfb0 nmethod 617 0x000002200a6e7e90 code [0x000002200a6e8020, 0x000002200a6e80f8]
Event: 1.159 Thread 0x00000220181fdf00 nmethod 597 0x000002200a6e8190 code [0x000002200a6e8340, 0x000002200a6e8878]
Event: 1.159 Thread 0x00000220181fdf00  598       4       java.util.Collections$UnmodifiableCollection::iterator (9 bytes)
Event: 1.160 Thread 0x0000022016d8bfb0  619       1       java.util.Collections$EmptyIterator::hasNext (2 bytes)
Event: 1.161 Thread 0x0000022016d8bfb0 nmethod 619 0x000002200a6e8b90 code [0x000002200a6e8d20, 0x000002200a6e8df8]
Event: 1.163 Thread 0x0000022016d8bfb0  620 %     3       java.util.Properties$LineReader::readLine @ 53 (584 bytes)

GC Heap History (0 events):
No events

Dll operation events (8 events):
Event: 0.010 Loaded shared library c:\Users\User\.vscode\extensions\redhat.java-1.29.0-win32-x64\jre\17.0.10-win32-x86_64\bin\java.dll
Event: 0.285 Loaded shared library c:\Users\User\.vscode\extensions\redhat.java-1.29.0-win32-x64\jre\17.0.10-win32-x86_64\bin\zip.dll
Event: 0.289 Loaded shared library C:\Users\User\.vscode\extensions\redhat.java-1.29.0-win32-x64\jre\17.0.10-win32-x86_64\bin\instrument.dll
Event: 0.326 Loaded shared library C:\Users\User\.vscode\extensions\redhat.java-1.29.0-win32-x64\jre\17.0.10-win32-x86_64\bin\net.dll
Event: 0.335 Loaded shared library C:\Users\User\.vscode\extensions\redhat.java-1.29.0-win32-x64\jre\17.0.10-win32-x86_64\bin\nio.dll
Event: 0.360 Loaded shared library C:\Users\User\.vscode\extensions\redhat.java-1.29.0-win32-x64\jre\17.0.10-win32-x86_64\bin\zip.dll
Event: 0.398 Loaded shared library C:\Users\User\.vscode\extensions\redhat.java-1.29.0-win32-x64\jre\17.0.10-win32-x86_64\bin\jimage.dll
Event: 0.514 Loaded shared library c:\Users\User\.vscode\extensions\redhat.java-1.29.0-win32-x64\jre\17.0.10-win32-x86_64\bin\verify.dll

Deoptimization events (20 events):
Event: 0.926 Thread 0x000002207d88f940 Uncommon trap: trap_request=0xffffffde fr.pc=0x000002200a6d6824 relative=0x0000000000000104
Event: 0.926 Thread 0x000002207d88f940 Uncommon trap: reason=class_check action=maybe_recompile pc=0x000002200a6d6824 method=jdk.internal.misc.Unsafe.allocateUninitializedArray(Ljava/lang/Class;I)Ljava/lang/Object; @ 51 c2
Event: 0.926 Thread 0x000002207d88f940 DEOPT PACKING pc=0x000002200a6d6824 sp=0x00000047cd2fbdf0
Event: 0.926 Thread 0x000002207d88f940 DEOPT UNPACKING pc=0x000002200a1666a3 sp=0x00000047cd2fbd78 mode 2
Event: 0.954 Thread 0x000002207d88f940 Uncommon trap: trap_request=0xffffff45 fr.pc=0x000002200a6c7240 relative=0x00000000000000c0
Event: 0.954 Thread 0x000002207d88f940 Uncommon trap: reason=unstable_if action=reinterpret pc=0x000002200a6c7240 method=java.net.URI.match(CJJ)Z @ 45 c2
Event: 0.954 Thread 0x000002207d88f940 DEOPT PACKING pc=0x000002200a6c7240 sp=0x00000047cd2fc650
Event: 0.954 Thread 0x000002207d88f940 DEOPT UNPACKING pc=0x000002200a1666a3 sp=0x00000047cd2fc5d8 mode 2
Event: 0.971 Thread 0x000002207d88f940 Uncommon trap: trap_request=0xffffff45 fr.pc=0x000002200a6d8fec relative=0x000000000000060c
Event: 0.971 Thread 0x000002207d88f940 Uncommon trap: reason=unstable_if action=reinterpret pc=0x000002200a6d8fec method=java.lang.String.replace(Ljava/lang/CharSequence;Ljava/lang/CharSequence;)Ljava/lang/String; @ 48 c2
Event: 0.971 Thread 0x000002207d88f940 DEOPT PACKING pc=0x000002200a6d8fec sp=0x00000047cd2fc5c0
Event: 0.971 Thread 0x000002207d88f940 DEOPT UNPACKING pc=0x000002200a1666a3 sp=0x00000047cd2fc540 mode 2
Event: 1.061 Thread 0x000002207d88f940 Uncommon trap: trap_request=0xffffff45 fr.pc=0x000002200a6c6e64 relative=0x00000000000002e4
Event: 1.061 Thread 0x000002207d88f940 Uncommon trap: reason=unstable_if action=reinterpret pc=0x000002200a6c6e64 method=java.lang.StringUTF16.compress([CI[BII)I @ 20 c2
Event: 1.061 Thread 0x000002207d88f940 DEOPT PACKING pc=0x000002200a6c6e64 sp=0x00000047cd2fb730
Event: 1.061 Thread 0x000002207d88f940 DEOPT UNPACKING pc=0x000002200a1666a3 sp=0x00000047cd2fb6b0 mode 2
Event: 1.087 Thread 0x000002207d88f940 Uncommon trap: trap_request=0xffffff6e fr.pc=0x000002200a6e41e4 relative=0x00000000000001e4
Event: 1.087 Thread 0x000002207d88f940 Uncommon trap: reason=loop_limit_check action=maybe_recompile pc=0x000002200a6e41e4 method=java.math.BigInteger.implMulAdd([I[IIII)I @ 26 c2
Event: 1.087 Thread 0x000002207d88f940 DEOPT PACKING pc=0x000002200a6e41e4 sp=0x00000047cd2fd4d0
Event: 1.087 Thread 0x000002207d88f940 DEOPT UNPACKING pc=0x000002200a1666a3 sp=0x00000047cd2fd420 mode 2

Classes unloaded (0 events):
No events

Classes redefined (0 events):
No events

Internal exceptions (3 events):
Event: 0.237 Thread 0x000002207d88f940 Exception <a 'java/lang/NoSuchMethodError'{0x00000000eacb4f50}: 'void java.lang.invoke.DirectMethodHandle$Holder.invokeStatic(java.lang.Object, java.lang.Object, java.lang.Object)'> (0x00000000eacb4f50) 
thrown [s\src\hotspot\share\interpreter\linkResolver.cpp, line 759]
Event: 0.566 Thread 0x000002207d88f940 Exception <a 'java/lang/reflect/InvocationTargetException'{0x00000000eafe7420}> (0x00000000eafe7420) 
thrown [s\src\hotspot\share\runtime\reflection.cpp, line 1121]
Event: 1.161 Thread 0x000002207d88f940 Exception <a 'java/lang/ClassNotFoundException'{0x00000000eb85a5c0}: sun/net/www/protocol/c/Handler> (0x00000000eb85a5c0) 
thrown [s\src\hotspot\share\classfile\systemDictionary.cpp, line 256]

VM Operations (8 events):
Event: 0.253 Executing VM operation: HandshakeAllThreads
Event: 0.253 Executing VM operation: HandshakeAllThreads done
Event: 1.122 Executing VM operation: HandshakeAllThreads
Event: 1.122 Executing VM operation: HandshakeAllThreads done
Event: 1.122 Executing VM operation: Cleanup
Event: 1.122 Executing VM operation: Cleanup done
Event: 1.142 Executing VM operation: HandshakeAllThreads
Event: 1.142 Executing VM operation: HandshakeAllThreads done

Events (20 events):
Event: 1.148 loading class java/util/ServiceLoader$ModuleServicesLookupIterator done
Event: 1.148 loading class java/util/Spliterators$ArraySpliterator
Event: 1.148 loading class java/util/Spliterators$ArraySpliterator done
Event: 1.153 loading class java/util/Spliterators$1Adapter
Event: 1.153 loading class java/util/Spliterators$1Adapter done
Event: 1.153 loading class java/util/ServiceLoader$LazyClassPathLookupIterator
Event: 1.154 loading class java/util/ServiceLoader$LazyClassPathLookupIterator done
Event: 1.154 loading class java/util/ServiceLoader$2
Event: 1.158 loading class java/util/ServiceLoader$2 done
Event: 1.158 loading class java/util/ServiceLoader$3
Event: 1.158 loading class java/util/ServiceLoader$3 done
Event: 1.159 loading class java/util/Collections$EmptyEnumeration
Event: 1.159 loading class java/util/Collections$EmptyEnumeration done
Event: 1.160 loading class jdk/internal/loader/BuiltinClassLoader$1
Event: 1.160 loading class jdk/internal/loader/BuiltinClassLoader$1 done
Event: 1.160 loading class java/lang/CompoundEnumeration
Event: 1.160 loading class java/lang/CompoundEnumeration done
Event: 1.160 loading class jdk/internal/loader/URLClassPath$1
Event: 1.161 loading class jdk/internal/loader/URLClassPath$1 done
Event: 1.163 loading class java/util/concurrent/ConcurrentHashMap$KeySetView


Dynamic libraries:
0x00007ff7a49e0000 - 0x00007ff7a49ee000 	c:\Users\User\.vscode\extensions\redhat.java-1.29.0-win32-x64\jre\17.0.10-win32-x86_64\bin\java.exe
0x00007ff8af9f0000 - 0x00007ff8afc06000 	C:\WINDOWS\SYSTEM32\ntdll.dll
0x00007ff8adfd0000 - 0x00007ff8ae094000 	C:\WINDOWS\System32\KERNEL32.DLL
0x00007ff8acfc0000 - 0x00007ff8ad367000 	C:\WINDOWS\System32\KERNELBASE.dll
0x00007ff8acd10000 - 0x00007ff8ace21000 	C:\WINDOWS\System32\ucrtbase.dll
0x00007ff8834a0000 - 0x00007ff8834b7000 	c:\Users\User\.vscode\extensions\redhat.java-1.29.0-win32-x64\jre\17.0.10-win32-x86_64\bin\jli.dll
0x00007ff8af800000 - 0x00007ff8af9ae000 	C:\WINDOWS\System32\USER32.dll
0x00007ff8ad4c0000 - 0x00007ff8ad4e6000 	C:\WINDOWS\System32\win32u.dll
0x00007ff8add90000 - 0x00007ff8addb9000 	C:\WINDOWS\System32\GDI32.dll
0x00007ff8ad3a0000 - 0x00007ff8ad4b9000 	C:\WINDOWS\System32\gdi32full.dll
0x00007ff8acf20000 - 0x00007ff8acfba000 	C:\WINDOWS\System32\msvcp_win.dll
0x00007ff882860000 - 0x00007ff88287b000 	c:\Users\User\.vscode\extensions\redhat.java-1.29.0-win32-x64\jre\17.0.10-win32-x86_64\bin\VCRUNTIME140.dll
0x00007ff89fb70000 - 0x00007ff89fe03000 	C:\WINDOWS\WinSxS\amd64_microsoft.windows.common-controls_6595b64144ccf1df_6.0.22621.3235_none_270f74e173860f98\COMCTL32.dll
0x00007ff8ae7b0000 - 0x00007ff8ae857000 	C:\WINDOWS\System32\msvcrt.dll
0x00007ff8aea30000 - 0x00007ff8aea61000 	C:\WINDOWS\System32\IMM32.DLL
0x00007ff8a7230000 - 0x00007ff8a723c000 	c:\Users\User\.vscode\extensions\redhat.java-1.29.0-win32-x64\jre\17.0.10-win32-x86_64\bin\vcruntime140_1.dll
0x00007ff85b200000 - 0x00007ff85b28d000 	c:\Users\User\.vscode\extensions\redhat.java-1.29.0-win32-x64\jre\17.0.10-win32-x86_64\bin\msvcp140.dll
0x00007ff808bc0000 - 0x00007ff809822000 	c:\Users\User\.vscode\extensions\redhat.java-1.29.0-win32-x64\jre\17.0.10-win32-x86_64\bin\server\jvm.dll
0x00007ff8ae6f0000 - 0x00007ff8ae7a2000 	C:\WINDOWS\System32\ADVAPI32.dll
0x00007ff8ade80000 - 0x00007ff8adf28000 	C:\WINDOWS\System32\sechost.dll
0x00007ff8ad370000 - 0x00007ff8ad398000 	C:\WINDOWS\System32\bcrypt.dll
0x00007ff8adc40000 - 0x00007ff8add55000 	C:\WINDOWS\System32\RPCRT4.dll
0x00007ff8a6770000 - 0x00007ff8a677a000 	C:\WINDOWS\SYSTEM32\VERSION.dll
0x00007ff8a7020000 - 0x00007ff8a7054000 	C:\WINDOWS\SYSTEM32\WINMM.dll
0x00007ff89e850000 - 0x00007ff89e859000 	C:\WINDOWS\SYSTEM32\WSOCK32.dll
0x00007ff8abf40000 - 0x00007ff8abf8d000 	C:\WINDOWS\SYSTEM32\POWRPROF.dll
0x00007ff8af780000 - 0x00007ff8af7f1000 	C:\WINDOWS\System32\WS2_32.dll
0x00007ff8abe30000 - 0x00007ff8abe43000 	C:\WINDOWS\SYSTEM32\UMPDC.dll
0x00007ff8abdc0000 - 0x00007ff8abdd8000 	C:\WINDOWS\SYSTEM32\kernel.appcore.dll
0x00007ff8a7160000 - 0x00007ff8a716a000 	c:\Users\User\.vscode\extensions\redhat.java-1.29.0-win32-x64\jre\17.0.10-win32-x86_64\bin\jimage.dll
0x00007ff8a3460000 - 0x00007ff8a3693000 	C:\WINDOWS\SYSTEM32\DBGHELP.DLL
0x00007ff8ad800000 - 0x00007ff8adb88000 	C:\WINDOWS\System32\combase.dll
0x00007ff8ad720000 - 0x00007ff8ad7f7000 	C:\WINDOWS\System32\OLEAUT32.dll
0x00007ff8a3350000 - 0x00007ff8a3382000 	C:\WINDOWS\SYSTEM32\dbgcore.DLL
0x00007ff8ace30000 - 0x00007ff8acea9000 	C:\WINDOWS\System32\bcryptPrimitives.dll
0x00007ff89dd40000 - 0x00007ff89dd4e000 	c:\Users\User\.vscode\extensions\redhat.java-1.29.0-win32-x64\jre\17.0.10-win32-x86_64\bin\instrument.dll
0x00007ff87bf40000 - 0x00007ff87bf65000 	c:\Users\User\.vscode\extensions\redhat.java-1.29.0-win32-x64\jre\17.0.10-win32-x86_64\bin\java.dll
0x00007ff880f50000 - 0x00007ff880f68000 	c:\Users\User\.vscode\extensions\redhat.java-1.29.0-win32-x64\jre\17.0.10-win32-x86_64\bin\zip.dll
0x00007ff8aeb70000 - 0x00007ff8af3cc000 	C:\WINDOWS\System32\SHELL32.dll
0x00007ff8aac70000 - 0x00007ff8ab569000 	C:\WINDOWS\SYSTEM32\windows.storage.dll
0x00007ff8aab30000 - 0x00007ff8aac6e000 	C:\WINDOWS\SYSTEM32\wintypes.dll
0x00007ff8af600000 - 0x00007ff8af6f3000 	C:\WINDOWS\System32\SHCORE.dll
0x00007ff8adb90000 - 0x00007ff8adbee000 	C:\WINDOWS\System32\shlwapi.dll
0x00007ff8acc40000 - 0x00007ff8acc61000 	C:\WINDOWS\SYSTEM32\profapi.dll
0x00007ff87bcf0000 - 0x00007ff87bd09000 	C:\Users\User\.vscode\extensions\redhat.java-1.29.0-win32-x64\jre\17.0.10-win32-x86_64\bin\net.dll
0x00007ff8a76d0000 - 0x00007ff8a7806000 	C:\WINDOWS\SYSTEM32\WINHTTP.dll
0x00007ff8ac2b0000 - 0x00007ff8ac319000 	C:\WINDOWS\system32\mswsock.dll
0x00007ff87baa0000 - 0x00007ff87bab6000 	C:\Users\User\.vscode\extensions\redhat.java-1.29.0-win32-x64\jre\17.0.10-win32-x86_64\bin\nio.dll
0x00007ff895280000 - 0x00007ff895290000 	c:\Users\User\.vscode\extensions\redhat.java-1.29.0-win32-x64\jre\17.0.10-win32-x86_64\bin\verify.dll

dbghelp: loaded successfully - version: 4.0.5 - missing functions: none
symbol engine: initialized successfully - sym options: 0x614 - pdb path: .;c:\Users\User\.vscode\extensions\redhat.java-1.29.0-win32-x64\jre\17.0.10-win32-x86_64\bin;C:\WINDOWS\SYSTEM32;C:\WINDOWS\WinSxS\amd64_microsoft.windows.common-controls_6595b64144ccf1df_6.0.22621.3235_none_270f74e173860f98;c:\Users\User\.vscode\extensions\redhat.java-1.29.0-win32-x64\jre\17.0.10-win32-x86_64\bin\server

VM Arguments:
jvm_args: --add-modules=ALL-SYSTEM --add-opens=java.base/java.util=ALL-UNNAMED --add-opens=java.base/java.lang=ALL-UNNAMED --add-opens=java.base/sun.nio.fs=ALL-UNNAMED -Declipse.application=org.eclipse.jdt.ls.core.id1 -Dosgi.bundles.defaultStartLevel=4 -Declipse.product=org.eclipse.jdt.ls.core.product -Djava.import.generatesMetadataFilesAtProjectRoot=false -DDetectVMInstallationsJob.disabled=true -Dfile.encoding=utf8 -XX:+UseParallelGC -XX:GCTimeRatio=4 -XX:AdaptiveSizePolicyWeight=90 -Dsun.zip.disableMemoryMapping=true -Xmx1G -Xms100m -Xlog:disable -javaagent:c:\Users\User\.vscode\extensions\redhat.java-1.29.0-win32-x64\lombok\lombok-1.18.32.jar 
java_command: c:\Users\User\.vscode\extensions\redhat.java-1.29.0-win32-x64\server\plugins\org.eclipse.equinox.launcher_1.6.800.v20240304-1850.jar -configuration c:\Users\User\AppData\Roaming\Code\User\globalStorage\redhat.java\1.29.0\config_ss_win -data c:\Users\User\AppData\Roaming\Code\User\workspaceStorage\dea491b692d6196ce15c98e8bacdc62e\redhat.java\ss_ws --stdio
java_class_path (initial): c:\Users\User\.vscode\extensions\redhat.java-1.29.0-win32-x64\server\plugins\org.eclipse.equinox.launcher_1.6.800.v20240304-1850.jar
Launcher Type: SUN_STANDARD

[Global flags]
    uintx AdaptiveSizePolicyWeight                 = 90                                        {product} {command line}
     intx CICompilerCount                          = 4                                         {product} {ergonomic}
    uintx GCTimeRatio                              = 4                                         {product} {command line}
   size_t InitialHeapSize                          = 104857600                                 {product} {command line}
   size_t MaxHeapSize                              = 1073741824                                {product} {command line}
   size_t MaxNewSize                               = 357564416                                 {product} {ergonomic}
   size_t MinHeapDeltaBytes                        = 524288                                    {product} {ergonomic}
   size_t MinHeapSize                              = 104857600                                 {product} {command line}
   size_t NewSize                                  = 34603008                                  {product} {ergonomic}
    uintx NonNMethodCodeHeapSize                   = 5839372                                {pd product} {ergonomic}
    uintx NonProfiledCodeHeapSize                  = 122909434                              {pd product} {ergonomic}
   size_t OldSize                                  = 70254592                                  {product} {ergonomic}
    uintx ProfiledCodeHeapSize                     = 122909434                              {pd product} {ergonomic}
    uintx ReservedCodeCacheSize                    = 251658240                              {pd product} {ergonomic}
     bool SegmentedCodeCache                       = true                                      {product} {ergonomic}
   size_t SoftMaxHeapSize                          = 1073741824                             {manageable} {ergonomic}
     bool UseCompressedClassPointers               = true                           {product lp64_product} {ergonomic}
     bool UseCompressedOops                        = true                           {product lp64_product} {ergonomic}
     bool UseLargePagesIndividualAllocation        = false                                  {pd product} {ergonomic}
     bool UseParallelGC                            = true                                      {product} {command line}

Logging:
Log output configuration:
 #0: stdout all=off uptime,level,tags
 #1: stderr all=off uptime,level,tags

Environment Variables:
JAVA_HOME=C:\Program Files\Java\jdk-19
PATH=C:\Program Files\Microsoft\jdk-11.0.16.101-hotspot\bin;C:\oraclexe\app\oracle\product\11.2.0\server\bin;C:\Program Files\Common Files\Oracle\Java\javapath;C:\Program Files (x86)\Common Files\Oracle\Java\javapath;C:\Windows\system32;C:\Windows;C:\Windows\System32\Wbem;C:\Windows\System32\WindowsPowerShell\v1.0\;C:\Windows\System32\OpenSSH\;C:\Program Files (x86)\NVIDIA Corporation\PhysX\Common;C:\Program Files\NVIDIA Corporation\NVIDIA NvDLISR;C:\WINDOWS\system32;C:\WINDOWS;C:\WINDOWS\System32\Wbem;C:\WINDOWS\System32\WindowsPowerShell\v1.0\;C:\WINDOWS\System32\OpenSSH\;C:\Program Files\Java\jdk-19\bin;C:\apache-tomcat-10.0.23\bin;C:\Program Files\Git\cmd;C:\Program Files\dotnet\;C:\Program Files (x86)\Windows Kits\10\Windows Performance Toolkit\;C:\Users\User\AppData\Local\Microsoft\WindowsApps;C:\Users\User\Downloads\application setup\Microsoft VS Code\bin;C:\Program Files\heroku\bin;C:\Program Files\PostgreSQL\15\bin;C:\flutter\bin;C:\Users\User\.dotnet\tools;C:\Program Files\Java\jdk-19\bin;
USERNAME=User
OS=Windows_NT
PROCESSOR_IDENTIFIER=AMD64 Family 23 Model 24 Stepping 1, AuthenticAMD
TMP=C:\Users\User\AppData\Local\Temp
TEMP=C:\Users\User\AppData\Local\Temp



Periodic native trim disabled


---------------  S Y S T E M  ---------------

OS:
 Windows 11 , 64 bit Build 22621 (10.0.22621.3374)
OS uptime: 14 days 19:34 hours

CPU: total 8 (initial active 8) (8 cores per cpu, 2 threads per core) family 23 model 24 stepping 1 microcode 0x0, cx8, cmov, fxsr, ht, mmx, 3dnowpref, sse, sse2, sse3, ssse3, sse4a, sse4.1, sse4.2, popcnt, lzcnt, tsc, tscinvbit, avx, avx2, aes, clmul, bmi1, bmi2, adx, sha, fma, vzeroupper, clflush, clflushopt
Processor Information for all 8 processors :
  Max Mhz: 2300, Current Mhz: 2300, Mhz Limit: 2300

Memory: 4k page, system-wide physical 11713M (1519M free)
TotalPageFile size 48577M (AvailPageFile size 5M)
current process WorkingSet (physical memory assigned to process): 59M, peak: 59M
current process commit charge ("private bytes"): 198M, peak: 198M

vm_info: OpenJDK 64-Bit Server VM (17.0.10+7) for windows-amd64 JRE (17.0.10+7), built on Jan 16 2024 23:25:11 by "admin" with MS VC++ 16.10 / 16.11 (VS2019)

END.
